{"/home/usuario/DSI/prct07/src/bien.ts": {"path":"/home/usuario/DSI/prct07/src/bien.ts","all":false,"statementMap":{"8":{"start":{"line":9,"column":0},"end":{"line":9,"column":19}},"9":{"start":{"line":10,"column":0},"end":{"line":10,"column":21}},"10":{"start":{"line":11,"column":0},"end":{"line":11,"column":25}},"11":{"start":{"line":12,"column":0},"end":{"line":12,"column":30}},"12":{"start":{"line":13,"column":0},"end":{"line":13,"column":29}},"13":{"start":{"line":14,"column":0},"end":{"line":14,"column":23}},"14":{"start":{"line":15,"column":0},"end":{"line":15,"column":24}},"25":{"start":{"line":26,"column":0},"end":{"line":26,"column":113}},"26":{"start":{"line":27,"column":0},"end":{"line":27,"column":17}},"27":{"start":{"line":28,"column":0},"end":{"line":28,"column":25}},"28":{"start":{"line":29,"column":0},"end":{"line":29,"column":35}},"29":{"start":{"line":30,"column":0},"end":{"line":30,"column":29}},"30":{"start":{"line":31,"column":0},"end":{"line":31,"column":21}},"31":{"start":{"line":32,"column":0},"end":{"line":32,"column":23}},"32":{"start":{"line":33,"column":0},"end":{"line":33,"column":3}},"37":{"start":{"line":38,"column":0},"end":{"line":38,"column":17}},"38":{"start":{"line":39,"column":0},"end":{"line":39,"column":16}},"39":{"start":{"line":40,"column":0},"end":{"line":40,"column":116}},"40":{"start":{"line":41,"column":0},"end":{"line":41,"column":6}},"41":{"start":{"line":42,"column":0},"end":{"line":42,"column":3}},"42":{"start":{"line":43,"column":0},"end":{"line":43,"column":2}},"48":{"start":{"line":49,"column":0},"end":{"line":49,"column":30}},"49":{"start":{"line":50,"column":0},"end":{"line":50,"column":26}},"55":{"start":{"line":56,"column":0},"end":{"line":56,"column":36}},"56":{"start":{"line":57,"column":0},"end":{"line":57,"column":25}},"57":{"start":{"line":58,"column":0},"end":{"line":58,"column":3}},"63":{"start":{"line":64,"column":0},"end":{"line":64,"column":22}},"64":{"start":{"line":65,"column":0},"end":{"line":65,"column":50}},"65":{"start":{"line":66,"column":0},"end":{"line":66,"column":59}},"66":{"start":{"line":67,"column":0},"end":{"line":67,"column":5}},"67":{"start":{"line":68,"column":0},"end":{"line":68,"column":27}},"68":{"start":{"line":69,"column":0},"end":{"line":69,"column":3}},"74":{"start":{"line":75,"column":0},"end":{"line":75,"column":24}},"75":{"start":{"line":76,"column":0},"end":{"line":76,"column":62}},"76":{"start":{"line":77,"column":0},"end":{"line":77,"column":27}},"77":{"start":{"line":78,"column":0},"end":{"line":78,"column":54}},"78":{"start":{"line":79,"column":0},"end":{"line":79,"column":5}},"79":{"start":{"line":80,"column":0},"end":{"line":80,"column":37}},"80":{"start":{"line":81,"column":0},"end":{"line":81,"column":3}},"88":{"start":{"line":89,"column":0},"end":{"line":89,"column":55}},"89":{"start":{"line":90,"column":0},"end":{"line":90,"column":52}},"90":{"start":{"line":91,"column":0},"end":{"line":91,"column":16}},"91":{"start":{"line":92,"column":0},"end":{"line":92,"column":54}},"92":{"start":{"line":93,"column":0},"end":{"line":93,"column":5}},"93":{"start":{"line":94,"column":0},"end":{"line":94,"column":20}},"94":{"start":{"line":95,"column":0},"end":{"line":95,"column":20}},"95":{"start":{"line":96,"column":0},"end":{"line":96,"column":28}},"96":{"start":{"line":97,"column":0},"end":{"line":97,"column":14}},"97":{"start":{"line":98,"column":0},"end":{"line":98,"column":25}},"98":{"start":{"line":99,"column":0},"end":{"line":99,"column":33}},"99":{"start":{"line":100,"column":0},"end":{"line":100,"column":14}},"100":{"start":{"line":101,"column":0},"end":{"line":101,"column":22}},"101":{"start":{"line":102,"column":0},"end":{"line":102,"column":42}},"102":{"start":{"line":103,"column":0},"end":{"line":103,"column":14}},"103":{"start":{"line":104,"column":0},"end":{"line":104,"column":18}},"104":{"start":{"line":105,"column":0},"end":{"line":105,"column":34}},"105":{"start":{"line":106,"column":0},"end":{"line":106,"column":14}},"106":{"start":{"line":107,"column":0},"end":{"line":107,"column":19}},"107":{"start":{"line":108,"column":0},"end":{"line":108,"column":35}},"108":{"start":{"line":109,"column":0},"end":{"line":109,"column":14}},"109":{"start":{"line":110,"column":0},"end":{"line":110,"column":14}},"110":{"start":{"line":111,"column":0},"end":{"line":111,"column":61}},"111":{"start":{"line":112,"column":0},"end":{"line":112,"column":5}},"112":{"start":{"line":113,"column":0},"end":{"line":113,"column":3}},"119":{"start":{"line":120,"column":0},"end":{"line":120,"column":74}},"120":{"start":{"line":121,"column":0},"end":{"line":121,"column":23}},"121":{"start":{"line":122,"column":0},"end":{"line":122,"column":20}},"122":{"start":{"line":123,"column":0},"end":{"line":123,"column":86}},"123":{"start":{"line":124,"column":0},"end":{"line":124,"column":25}},"124":{"start":{"line":125,"column":0},"end":{"line":125,"column":91}},"125":{"start":{"line":126,"column":0},"end":{"line":126,"column":22}},"126":{"start":{"line":127,"column":0},"end":{"line":127,"column":94}},"127":{"start":{"line":128,"column":0},"end":{"line":128,"column":14}},"128":{"start":{"line":129,"column":0},"end":{"line":129,"column":62}},"129":{"start":{"line":130,"column":0},"end":{"line":130,"column":5}},"130":{"start":{"line":131,"column":0},"end":{"line":131,"column":3}},"137":{"start":{"line":138,"column":0},"end":{"line":138,"column":90}},"138":{"start":{"line":139,"column":0},"end":{"line":139,"column":61}},"139":{"start":{"line":140,"column":0},"end":{"line":140,"column":23}},"140":{"start":{"line":141,"column":0},"end":{"line":141,"column":44}},"141":{"start":{"line":142,"column":0},"end":{"line":142,"column":14}},"142":{"start":{"line":143,"column":0},"end":{"line":143,"column":44}},"143":{"start":{"line":144,"column":0},"end":{"line":144,"column":7}},"144":{"start":{"line":145,"column":0},"end":{"line":145,"column":8}},"145":{"start":{"line":146,"column":0},"end":{"line":146,"column":3}},"152":{"start":{"line":153,"column":0},"end":{"line":153,"column":89}},"153":{"start":{"line":154,"column":0},"end":{"line":154,"column":113}},"154":{"start":{"line":155,"column":0},"end":{"line":155,"column":3}},"155":{"start":{"line":156,"column":0},"end":{"line":156,"column":1}}},"s":{"8":1,"9":1,"10":12,"11":12,"12":12,"13":12,"14":12,"25":1,"26":12,"27":12,"28":12,"29":12,"30":12,"31":12,"32":12,"37":1,"38":2,"39":2,"40":2,"41":2,"42":1,"48":1,"49":1,"55":1,"56":9,"57":9,"63":1,"64":1,"65":0,"66":0,"67":1,"68":1,"74":1,"75":1,"76":1,"77":0,"78":0,"79":1,"80":1,"88":1,"89":1,"90":1,"91":0,"92":0,"93":1,"94":1,"95":1,"96":1,"97":1,"98":0,"99":0,"100":1,"101":0,"102":0,"103":1,"104":0,"105":0,"106":1,"107":0,"108":0,"109":1,"110":0,"111":1,"112":1,"119":1,"120":1,"121":1,"122":1,"123":1,"124":0,"125":1,"126":0,"127":1,"128":0,"129":1,"130":1,"137":1,"138":1,"139":1,"140":1,"141":1,"142":0,"143":0,"144":1,"145":1,"152":1,"153":1,"154":1,"155":1},"branchMap":{"0":{"type":"branch","line":10,"loc":{"start":{"line":10,"column":11},"end":{"line":15,"column":24}},"locations":[{"start":{"line":10,"column":11},"end":{"line":15,"column":24}}]},"1":{"type":"branch","line":10,"loc":{"start":{"line":10,"column":2},"end":{"line":10,"column":21}},"locations":[{"start":{"line":10,"column":2},"end":{"line":10,"column":21}}]},"2":{"type":"branch","line":10,"loc":{"start":{"line":10,"column":2},"end":{"line":10,"column":21}},"locations":[{"start":{"line":10,"column":2},"end":{"line":10,"column":21}}]},"3":{"type":"branch","line":11,"loc":{"start":{"line":11,"column":2},"end":{"line":11,"column":25}},"locations":[{"start":{"line":11,"column":2},"end":{"line":11,"column":25}}]},"4":{"type":"branch","line":11,"loc":{"start":{"line":11,"column":2},"end":{"line":11,"column":25}},"locations":[{"start":{"line":11,"column":2},"end":{"line":11,"column":25}}]},"5":{"type":"branch","line":12,"loc":{"start":{"line":12,"column":2},"end":{"line":12,"column":30}},"locations":[{"start":{"line":12,"column":2},"end":{"line":12,"column":30}}]},"6":{"type":"branch","line":12,"loc":{"start":{"line":12,"column":2},"end":{"line":12,"column":30}},"locations":[{"start":{"line":12,"column":2},"end":{"line":12,"column":30}}]},"7":{"type":"branch","line":13,"loc":{"start":{"line":13,"column":2},"end":{"line":13,"column":29}},"locations":[{"start":{"line":13,"column":2},"end":{"line":13,"column":29}}]},"8":{"type":"branch","line":13,"loc":{"start":{"line":13,"column":2},"end":{"line":13,"column":29}},"locations":[{"start":{"line":13,"column":2},"end":{"line":13,"column":29}}]},"9":{"type":"branch","line":14,"loc":{"start":{"line":14,"column":2},"end":{"line":14,"column":23}},"locations":[{"start":{"line":14,"column":2},"end":{"line":14,"column":23}}]},"10":{"type":"branch","line":14,"loc":{"start":{"line":14,"column":2},"end":{"line":14,"column":23}},"locations":[{"start":{"line":14,"column":2},"end":{"line":14,"column":23}}]},"11":{"type":"branch","line":15,"loc":{"start":{"line":15,"column":2},"end":{"line":15,"column":24}},"locations":[{"start":{"line":15,"column":2},"end":{"line":15,"column":24}}]},"12":{"type":"branch","line":15,"loc":{"start":{"line":15,"column":2},"end":{"line":15,"column":24}},"locations":[{"start":{"line":15,"column":2},"end":{"line":15,"column":24}}]},"13":{"type":"branch","line":26,"loc":{"start":{"line":26,"column":2},"end":{"line":33,"column":3}},"locations":[{"start":{"line":26,"column":2},"end":{"line":33,"column":3}}]},"14":{"type":"branch","line":38,"loc":{"start":{"line":38,"column":2},"end":{"line":42,"column":3}},"locations":[{"start":{"line":38,"column":2},"end":{"line":42,"column":3}}]},"15":{"type":"branch","line":50,"loc":{"start":{"line":50,"column":11},"end":{"line":50,"column":26}},"locations":[{"start":{"line":50,"column":11},"end":{"line":50,"column":26}}]},"16":{"type":"branch","line":50,"loc":{"start":{"line":50,"column":2},"end":{"line":50,"column":26}},"locations":[{"start":{"line":50,"column":2},"end":{"line":50,"column":26}}]},"17":{"type":"branch","line":50,"loc":{"start":{"line":50,"column":2},"end":{"line":50,"column":26}},"locations":[{"start":{"line":50,"column":2},"end":{"line":50,"column":26}}]},"18":{"type":"branch","line":56,"loc":{"start":{"line":56,"column":2},"end":{"line":58,"column":3}},"locations":[{"start":{"line":56,"column":2},"end":{"line":58,"column":3}}]},"19":{"type":"branch","line":64,"loc":{"start":{"line":64,"column":2},"end":{"line":69,"column":3}},"locations":[{"start":{"line":64,"column":2},"end":{"line":69,"column":3}}]},"20":{"type":"branch","line":65,"loc":{"start":{"line":65,"column":49},"end":{"line":67,"column":5}},"locations":[{"start":{"line":65,"column":49},"end":{"line":67,"column":5}}]},"21":{"type":"branch","line":75,"loc":{"start":{"line":75,"column":2},"end":{"line":81,"column":3}},"locations":[{"start":{"line":75,"column":2},"end":{"line":81,"column":3}}]},"22":{"type":"branch","line":77,"loc":{"start":{"line":77,"column":26},"end":{"line":79,"column":5}},"locations":[{"start":{"line":77,"column":26},"end":{"line":79,"column":5}}]},"23":{"type":"branch","line":76,"loc":{"start":{"line":76,"column":44},"end":{"line":76,"column":60}},"locations":[{"start":{"line":76,"column":44},"end":{"line":76,"column":60}}]},"24":{"type":"branch","line":89,"loc":{"start":{"line":89,"column":2},"end":{"line":113,"column":3}},"locations":[{"start":{"line":89,"column":2},"end":{"line":113,"column":3}}]},"25":{"type":"branch","line":91,"loc":{"start":{"line":91,"column":15},"end":{"line":93,"column":5}},"locations":[{"start":{"line":91,"column":15},"end":{"line":93,"column":5}}]},"26":{"type":"branch","line":98,"loc":{"start":{"line":98,"column":6},"end":{"line":100,"column":14}},"locations":[{"start":{"line":98,"column":6},"end":{"line":100,"column":14}}]},"27":{"type":"branch","line":101,"loc":{"start":{"line":101,"column":6},"end":{"line":103,"column":14}},"locations":[{"start":{"line":101,"column":6},"end":{"line":103,"column":14}}]},"28":{"type":"branch","line":104,"loc":{"start":{"line":104,"column":6},"end":{"line":106,"column":14}},"locations":[{"start":{"line":104,"column":6},"end":{"line":106,"column":14}}]},"29":{"type":"branch","line":107,"loc":{"start":{"line":107,"column":6},"end":{"line":109,"column":14}},"locations":[{"start":{"line":107,"column":6},"end":{"line":109,"column":14}}]},"30":{"type":"branch","line":110,"loc":{"start":{"line":110,"column":6},"end":{"line":111,"column":61}},"locations":[{"start":{"line":110,"column":6},"end":{"line":111,"column":61}}]},"31":{"type":"branch","line":90,"loc":{"start":{"line":90,"column":34},"end":{"line":90,"column":50}},"locations":[{"start":{"line":90,"column":34},"end":{"line":90,"column":50}}]},"32":{"type":"branch","line":120,"loc":{"start":{"line":120,"column":2},"end":{"line":131,"column":3}},"locations":[{"start":{"line":120,"column":2},"end":{"line":131,"column":3}}]},"33":{"type":"branch","line":124,"loc":{"start":{"line":124,"column":6},"end":{"line":125,"column":91}},"locations":[{"start":{"line":124,"column":6},"end":{"line":125,"column":91}}]},"34":{"type":"branch","line":126,"loc":{"start":{"line":126,"column":6},"end":{"line":127,"column":94}},"locations":[{"start":{"line":126,"column":6},"end":{"line":127,"column":94}}]},"35":{"type":"branch","line":128,"loc":{"start":{"line":128,"column":6},"end":{"line":129,"column":62}},"locations":[{"start":{"line":128,"column":6},"end":{"line":129,"column":62}}]},"36":{"type":"branch","line":123,"loc":{"start":{"line":123,"column":54},"end":{"line":123,"column":83}},"locations":[{"start":{"line":123,"column":54},"end":{"line":123,"column":83}}]},"37":{"type":"branch","line":138,"loc":{"start":{"line":138,"column":2},"end":{"line":146,"column":3}},"locations":[{"start":{"line":138,"column":2},"end":{"line":146,"column":3}}]},"38":{"type":"branch","line":139,"loc":{"start":{"line":139,"column":50},"end":{"line":145,"column":5}},"locations":[{"start":{"line":139,"column":50},"end":{"line":145,"column":5}}]},"39":{"type":"branch","line":141,"loc":{"start":{"line":141,"column":28},"end":{"line":141,"column":41}},"locations":[{"start":{"line":141,"column":28},"end":{"line":141,"column":41}}]},"40":{"type":"branch","line":142,"loc":{"start":{"line":142,"column":6},"end":{"line":144,"column":7}},"locations":[{"start":{"line":142,"column":6},"end":{"line":144,"column":7}}]},"41":{"type":"branch","line":153,"loc":{"start":{"line":153,"column":2},"end":{"line":155,"column":3}},"locations":[{"start":{"line":153,"column":2},"end":{"line":155,"column":3}}]},"42":{"type":"branch","line":154,"loc":{"start":{"line":154,"column":50},"end":{"line":154,"column":110}},"locations":[{"start":{"line":154,"column":50},"end":{"line":154,"column":110}}]},"43":{"type":"branch","line":154,"loc":{"start":{"line":154,"column":85},"end":{"line":154,"column":110}},"locations":[{"start":{"line":154,"column":85},"end":{"line":154,"column":110}}]}},"b":{"0":[12],"1":[6],"2":[12],"3":[10],"4":[13],"5":[2],"6":[12],"7":[4],"8":[12],"9":[4],"10":[12],"11":[8],"12":[12],"13":[12],"14":[2],"15":[9],"16":[18],"17":[9],"18":[9],"19":[1],"20":[0],"21":[1],"22":[0],"23":[1],"24":[1],"25":[0],"26":[0],"27":[0],"28":[0],"29":[0],"30":[0],"31":[1],"32":[1],"33":[0],"34":[0],"35":[0],"36":[1],"37":[1],"38":[1],"39":[0],"40":[0],"41":[1],"42":[1],"43":[0]},"fnMap":{"0":{"name":"<instance_members_initializer>","decl":{"start":{"line":10,"column":11},"end":{"line":15,"column":24}},"loc":{"start":{"line":10,"column":11},"end":{"line":15,"column":24}},"line":10},"1":{"name":"get id","decl":{"start":{"line":10,"column":2},"end":{"line":10,"column":21}},"loc":{"start":{"line":10,"column":2},"end":{"line":10,"column":21}},"line":10},"2":{"name":"set id","decl":{"start":{"line":10,"column":2},"end":{"line":10,"column":21}},"loc":{"start":{"line":10,"column":2},"end":{"line":10,"column":21}},"line":10},"3":{"name":"get nombre","decl":{"start":{"line":11,"column":2},"end":{"line":11,"column":25}},"loc":{"start":{"line":11,"column":2},"end":{"line":11,"column":25}},"line":11},"4":{"name":"set nombre","decl":{"start":{"line":11,"column":2},"end":{"line":11,"column":25}},"loc":{"start":{"line":11,"column":2},"end":{"line":11,"column":25}},"line":11},"5":{"name":"get descripcion","decl":{"start":{"line":12,"column":2},"end":{"line":12,"column":30}},"loc":{"start":{"line":12,"column":2},"end":{"line":12,"column":30}},"line":12},"6":{"name":"set descripcion","decl":{"start":{"line":12,"column":2},"end":{"line":12,"column":30}},"loc":{"start":{"line":12,"column":2},"end":{"line":12,"column":30}},"line":12},"7":{"name":"get material","decl":{"start":{"line":13,"column":2},"end":{"line":13,"column":29}},"loc":{"start":{"line":13,"column":2},"end":{"line":13,"column":29}},"line":13},"8":{"name":"set material","decl":{"start":{"line":13,"column":2},"end":{"line":13,"column":29}},"loc":{"start":{"line":13,"column":2},"end":{"line":13,"column":29}},"line":13},"9":{"name":"get peso","decl":{"start":{"line":14,"column":2},"end":{"line":14,"column":23}},"loc":{"start":{"line":14,"column":2},"end":{"line":14,"column":23}},"line":14},"10":{"name":"set peso","decl":{"start":{"line":14,"column":2},"end":{"line":14,"column":23}},"loc":{"start":{"line":14,"column":2},"end":{"line":14,"column":23}},"line":14},"11":{"name":"get valor","decl":{"start":{"line":15,"column":2},"end":{"line":15,"column":24}},"loc":{"start":{"line":15,"column":2},"end":{"line":15,"column":24}},"line":15},"12":{"name":"set valor","decl":{"start":{"line":15,"column":2},"end":{"line":15,"column":24}},"loc":{"start":{"line":15,"column":2},"end":{"line":15,"column":24}},"line":15},"13":{"name":"Bien","decl":{"start":{"line":26,"column":2},"end":{"line":33,"column":3}},"loc":{"start":{"line":26,"column":2},"end":{"line":33,"column":3}},"line":26},"14":{"name":"print","decl":{"start":{"line":38,"column":2},"end":{"line":42,"column":3}},"loc":{"start":{"line":38,"column":2},"end":{"line":42,"column":3}},"line":38},"15":{"name":"<instance_members_initializer>","decl":{"start":{"line":50,"column":11},"end":{"line":50,"column":26}},"loc":{"start":{"line":50,"column":11},"end":{"line":50,"column":26}},"line":50},"16":{"name":"get bienes","decl":{"start":{"line":50,"column":2},"end":{"line":50,"column":26}},"loc":{"start":{"line":50,"column":2},"end":{"line":50,"column":26}},"line":50},"17":{"name":"set bienes","decl":{"start":{"line":50,"column":2},"end":{"line":50,"column":26}},"loc":{"start":{"line":50,"column":2},"end":{"line":50,"column":26}},"line":50},"18":{"name":"ColeccionBienes","decl":{"start":{"line":56,"column":2},"end":{"line":58,"column":3}},"loc":{"start":{"line":56,"column":2},"end":{"line":58,"column":3}},"line":56},"19":{"name":"añadir","decl":{"start":{"line":64,"column":2},"end":{"line":69,"column":3}},"loc":{"start":{"line":64,"column":2},"end":{"line":69,"column":3}},"line":64},"20":{"name":"eliminar","decl":{"start":{"line":75,"column":2},"end":{"line":81,"column":3}},"loc":{"start":{"line":75,"column":2},"end":{"line":81,"column":3}},"line":75},"21":{"name":"modificar","decl":{"start":{"line":89,"column":2},"end":{"line":113,"column":3}},"loc":{"start":{"line":89,"column":2},"end":{"line":113,"column":3}},"line":89},"22":{"name":"buscar","decl":{"start":{"line":120,"column":2},"end":{"line":131,"column":3}},"loc":{"start":{"line":120,"column":2},"end":{"line":131,"column":3}},"line":120},"23":{"name":"ordenarPorNombre","decl":{"start":{"line":138,"column":2},"end":{"line":146,"column":3}},"loc":{"start":{"line":138,"column":2},"end":{"line":146,"column":3}},"line":138},"24":{"name":"ordenarPorValor","decl":{"start":{"line":153,"column":2},"end":{"line":155,"column":3}},"loc":{"start":{"line":153,"column":2},"end":{"line":155,"column":3}},"line":153}},"f":{"0":12,"1":6,"2":12,"3":10,"4":13,"5":2,"6":12,"7":4,"8":12,"9":4,"10":12,"11":8,"12":12,"13":12,"14":2,"15":9,"16":18,"17":9,"18":9,"19":1,"20":1,"21":1,"22":1,"23":1,"24":1}}
,"/home/usuario/DSI/prct07/src/cliente.ts": {"path":"/home/usuario/DSI/prct07/src/cliente.ts","all":false,"statementMap":{"10":{"start":{"line":11,"column":0},"end":{"line":11,"column":22}},"11":{"start":{"line":12,"column":0},"end":{"line":12,"column":22}},"12":{"start":{"line":13,"column":0},"end":{"line":13,"column":26}},"13":{"start":{"line":14,"column":0},"end":{"line":14,"column":22}},"14":{"start":{"line":15,"column":0},"end":{"line":15,"column":24}},"23":{"start":{"line":24,"column":0},"end":{"line":24,"column":69}},"24":{"start":{"line":25,"column":0},"end":{"line":25,"column":17}},"25":{"start":{"line":26,"column":0},"end":{"line":26,"column":25}},"26":{"start":{"line":27,"column":0},"end":{"line":27,"column":21}},"27":{"start":{"line":28,"column":0},"end":{"line":28,"column":23}},"28":{"start":{"line":29,"column":0},"end":{"line":29,"column":3}},"33":{"start":{"line":34,"column":0},"end":{"line":34,"column":17}},"34":{"start":{"line":35,"column":0},"end":{"line":35,"column":16}},"35":{"start":{"line":36,"column":0},"end":{"line":36,"column":88}},"36":{"start":{"line":37,"column":0},"end":{"line":37,"column":6}},"37":{"start":{"line":38,"column":0},"end":{"line":38,"column":3}},"38":{"start":{"line":39,"column":0},"end":{"line":39,"column":2}},"44":{"start":{"line":45,"column":0},"end":{"line":45,"column":32}},"45":{"start":{"line":46,"column":0},"end":{"line":46,"column":30}},"51":{"start":{"line":52,"column":0},"end":{"line":52,"column":36}},"52":{"start":{"line":53,"column":0},"end":{"line":53,"column":28}},"53":{"start":{"line":54,"column":0},"end":{"line":54,"column":3}},"59":{"start":{"line":60,"column":0},"end":{"line":60,"column":34}},"60":{"start":{"line":61,"column":0},"end":{"line":61,"column":55}},"61":{"start":{"line":62,"column":0},"end":{"line":62,"column":65}},"62":{"start":{"line":63,"column":0},"end":{"line":63,"column":5}},"63":{"start":{"line":64,"column":0},"end":{"line":64,"column":31}},"64":{"start":{"line":65,"column":0},"end":{"line":65,"column":3}},"70":{"start":{"line":71,"column":0},"end":{"line":71,"column":30}},"71":{"start":{"line":72,"column":0},"end":{"line":72,"column":67}},"72":{"start":{"line":73,"column":0},"end":{"line":73,"column":30}},"73":{"start":{"line":74,"column":0},"end":{"line":74,"column":57}},"74":{"start":{"line":75,"column":0},"end":{"line":75,"column":5}},"75":{"start":{"line":76,"column":0},"end":{"line":76,"column":42}},"76":{"start":{"line":77,"column":0},"end":{"line":77,"column":3}},"84":{"start":{"line":85,"column":0},"end":{"line":85,"column":61}},"85":{"start":{"line":86,"column":0},"end":{"line":86,"column":57}},"86":{"start":{"line":87,"column":0},"end":{"line":87,"column":19}},"87":{"start":{"line":88,"column":0},"end":{"line":88,"column":57}},"88":{"start":{"line":89,"column":0},"end":{"line":89,"column":5}},"89":{"start":{"line":90,"column":0},"end":{"line":90,"column":20}},"90":{"start":{"line":91,"column":0},"end":{"line":91,"column":20}},"91":{"start":{"line":92,"column":0},"end":{"line":92,"column":31}},"92":{"start":{"line":93,"column":0},"end":{"line":93,"column":14}},"93":{"start":{"line":94,"column":0},"end":{"line":94,"column":18}},"94":{"start":{"line":95,"column":0},"end":{"line":95,"column":37}},"95":{"start":{"line":96,"column":0},"end":{"line":96,"column":14}},"96":{"start":{"line":97,"column":0},"end":{"line":97,"column":19}},"97":{"start":{"line":98,"column":0},"end":{"line":98,"column":39}},"98":{"start":{"line":99,"column":0},"end":{"line":99,"column":14}},"99":{"start":{"line":100,"column":0},"end":{"line":100,"column":14}},"100":{"start":{"line":101,"column":0},"end":{"line":101,"column":64}},"101":{"start":{"line":102,"column":0},"end":{"line":102,"column":5}},"102":{"start":{"line":103,"column":0},"end":{"line":103,"column":3}},"110":{"start":{"line":111,"column":0},"end":{"line":111,"column":83}},"111":{"start":{"line":112,"column":0},"end":{"line":112,"column":20}},"112":{"start":{"line":113,"column":0},"end":{"line":113,"column":20}},"113":{"start":{"line":114,"column":0},"end":{"line":114,"column":93}},"114":{"start":{"line":115,"column":0},"end":{"line":115,"column":18}},"115":{"start":{"line":116,"column":0},"end":{"line":116,"column":85}},"116":{"start":{"line":117,"column":0},"end":{"line":117,"column":19}},"117":{"start":{"line":118,"column":0},"end":{"line":118,"column":86}},"118":{"start":{"line":119,"column":0},"end":{"line":119,"column":14}},"119":{"start":{"line":120,"column":0},"end":{"line":120,"column":93}},"120":{"start":{"line":121,"column":0},"end":{"line":121,"column":5}},"121":{"start":{"line":122,"column":0},"end":{"line":122,"column":3}},"126":{"start":{"line":127,"column":0},"end":{"line":127,"column":17}},"127":{"start":{"line":128,"column":0},"end":{"line":128,"column":54}},"128":{"start":{"line":129,"column":0},"end":{"line":129,"column":3}},"129":{"start":{"line":130,"column":0},"end":{"line":130,"column":1}}},"s":{"10":1,"11":1,"12":24,"13":24,"14":24,"23":1,"24":24,"25":24,"26":24,"27":24,"28":24,"33":1,"34":2,"35":2,"36":2,"37":2,"38":1,"44":1,"45":1,"51":1,"52":14,"53":14,"59":1,"60":2,"61":1,"62":1,"63":1,"64":2,"70":1,"71":2,"72":2,"73":1,"74":1,"75":1,"76":2,"84":1,"85":2,"86":2,"87":1,"88":1,"89":1,"90":1,"91":1,"92":1,"93":2,"94":0,"95":0,"96":2,"97":0,"98":0,"99":2,"100":0,"101":2,"102":2,"110":1,"111":3,"112":3,"113":1,"114":3,"115":1,"116":3,"117":1,"118":3,"119":0,"120":3,"121":3,"126":1,"127":1,"128":1,"129":1},"branchMap":{"0":{"type":"branch","line":12,"loc":{"start":{"line":12,"column":11},"end":{"line":15,"column":24}},"locations":[{"start":{"line":12,"column":11},"end":{"line":15,"column":24}}]},"1":{"type":"branch","line":12,"loc":{"start":{"line":12,"column":2},"end":{"line":12,"column":22}},"locations":[{"start":{"line":12,"column":2},"end":{"line":12,"column":22}}]},"2":{"type":"branch","line":12,"loc":{"start":{"line":12,"column":2},"end":{"line":12,"column":22}},"locations":[{"start":{"line":12,"column":2},"end":{"line":12,"column":22}}]},"3":{"type":"branch","line":13,"loc":{"start":{"line":13,"column":2},"end":{"line":13,"column":26}},"locations":[{"start":{"line":13,"column":2},"end":{"line":13,"column":26}}]},"4":{"type":"branch","line":13,"loc":{"start":{"line":13,"column":2},"end":{"line":13,"column":26}},"locations":[{"start":{"line":13,"column":2},"end":{"line":13,"column":26}}]},"5":{"type":"branch","line":14,"loc":{"start":{"line":14,"column":2},"end":{"line":14,"column":22}},"locations":[{"start":{"line":14,"column":2},"end":{"line":14,"column":22}}]},"6":{"type":"branch","line":14,"loc":{"start":{"line":14,"column":2},"end":{"line":14,"column":22}},"locations":[{"start":{"line":14,"column":2},"end":{"line":14,"column":22}}]},"7":{"type":"branch","line":15,"loc":{"start":{"line":15,"column":2},"end":{"line":15,"column":24}},"locations":[{"start":{"line":15,"column":2},"end":{"line":15,"column":24}}]},"8":{"type":"branch","line":15,"loc":{"start":{"line":15,"column":2},"end":{"line":15,"column":24}},"locations":[{"start":{"line":15,"column":2},"end":{"line":15,"column":24}}]},"9":{"type":"branch","line":24,"loc":{"start":{"line":24,"column":2},"end":{"line":29,"column":3}},"locations":[{"start":{"line":24,"column":2},"end":{"line":29,"column":3}}]},"10":{"type":"branch","line":34,"loc":{"start":{"line":34,"column":2},"end":{"line":38,"column":3}},"locations":[{"start":{"line":34,"column":2},"end":{"line":38,"column":3}}]},"11":{"type":"branch","line":46,"loc":{"start":{"line":46,"column":11},"end":{"line":46,"column":30}},"locations":[{"start":{"line":46,"column":11},"end":{"line":46,"column":30}}]},"12":{"type":"branch","line":46,"loc":{"start":{"line":46,"column":2},"end":{"line":46,"column":30}},"locations":[{"start":{"line":46,"column":2},"end":{"line":46,"column":30}}]},"13":{"type":"branch","line":46,"loc":{"start":{"line":46,"column":2},"end":{"line":46,"column":30}},"locations":[{"start":{"line":46,"column":2},"end":{"line":46,"column":30}}]},"14":{"type":"branch","line":52,"loc":{"start":{"line":52,"column":2},"end":{"line":54,"column":3}},"locations":[{"start":{"line":52,"column":2},"end":{"line":54,"column":3}}]},"15":{"type":"branch","line":60,"loc":{"start":{"line":60,"column":2},"end":{"line":65,"column":3}},"locations":[{"start":{"line":60,"column":2},"end":{"line":65,"column":3}}]},"16":{"type":"branch","line":61,"loc":{"start":{"line":61,"column":54},"end":{"line":64,"column":31}},"locations":[{"start":{"line":61,"column":54},"end":{"line":64,"column":31}}]},"17":{"type":"branch","line":61,"loc":{"start":{"line":61,"column":27},"end":{"line":61,"column":51}},"locations":[{"start":{"line":61,"column":27},"end":{"line":61,"column":51}}]},"18":{"type":"branch","line":71,"loc":{"start":{"line":71,"column":2},"end":{"line":77,"column":3}},"locations":[{"start":{"line":71,"column":2},"end":{"line":77,"column":3}}]},"19":{"type":"branch","line":73,"loc":{"start":{"line":73,"column":29},"end":{"line":76,"column":42}},"locations":[{"start":{"line":73,"column":29},"end":{"line":76,"column":42}}]},"20":{"type":"branch","line":72,"loc":{"start":{"line":72,"column":49},"end":{"line":72,"column":65}},"locations":[{"start":{"line":72,"column":49},"end":{"line":72,"column":65}}]},"21":{"type":"branch","line":85,"loc":{"start":{"line":85,"column":2},"end":{"line":103,"column":3}},"locations":[{"start":{"line":85,"column":2},"end":{"line":103,"column":3}}]},"22":{"type":"branch","line":87,"loc":{"start":{"line":87,"column":18},"end":{"line":93,"column":14}},"locations":[{"start":{"line":87,"column":18},"end":{"line":93,"column":14}}]},"23":{"type":"branch","line":94,"loc":{"start":{"line":94,"column":6},"end":{"line":96,"column":14}},"locations":[{"start":{"line":94,"column":6},"end":{"line":96,"column":14}}]},"24":{"type":"branch","line":97,"loc":{"start":{"line":97,"column":6},"end":{"line":99,"column":14}},"locations":[{"start":{"line":97,"column":6},"end":{"line":99,"column":14}}]},"25":{"type":"branch","line":100,"loc":{"start":{"line":100,"column":6},"end":{"line":101,"column":64}},"locations":[{"start":{"line":100,"column":6},"end":{"line":101,"column":64}}]},"26":{"type":"branch","line":86,"loc":{"start":{"line":86,"column":39},"end":{"line":86,"column":55}},"locations":[{"start":{"line":86,"column":39},"end":{"line":86,"column":55}}]},"27":{"type":"branch","line":111,"loc":{"start":{"line":111,"column":2},"end":{"line":122,"column":3}},"locations":[{"start":{"line":111,"column":2},"end":{"line":122,"column":3}}]},"28":{"type":"branch","line":113,"loc":{"start":{"line":113,"column":6},"end":{"line":114,"column":93}},"locations":[{"start":{"line":113,"column":6},"end":{"line":114,"column":93}}]},"29":{"type":"branch","line":115,"loc":{"start":{"line":115,"column":6},"end":{"line":116,"column":85}},"locations":[{"start":{"line":115,"column":6},"end":{"line":116,"column":85}}]},"30":{"type":"branch","line":117,"loc":{"start":{"line":117,"column":6},"end":{"line":118,"column":86}},"locations":[{"start":{"line":117,"column":6},"end":{"line":118,"column":86}}]},"31":{"type":"branch","line":119,"loc":{"start":{"line":119,"column":6},"end":{"line":120,"column":93}},"locations":[{"start":{"line":119,"column":6},"end":{"line":120,"column":93}}]},"32":{"type":"branch","line":114,"loc":{"start":{"line":114,"column":58},"end":{"line":114,"column":90}},"locations":[{"start":{"line":114,"column":58},"end":{"line":114,"column":90}}]},"33":{"type":"branch","line":116,"loc":{"start":{"line":116,"column":58},"end":{"line":116,"column":82}},"locations":[{"start":{"line":116,"column":58},"end":{"line":116,"column":82}}]},"34":{"type":"branch","line":118,"loc":{"start":{"line":118,"column":58},"end":{"line":118,"column":83}},"locations":[{"start":{"line":118,"column":58},"end":{"line":118,"column":83}}]},"35":{"type":"branch","line":127,"loc":{"start":{"line":127,"column":2},"end":{"line":129,"column":3}},"locations":[{"start":{"line":127,"column":2},"end":{"line":129,"column":3}}]},"36":{"type":"branch","line":128,"loc":{"start":{"line":128,"column":26},"end":{"line":128,"column":52}},"locations":[{"start":{"line":128,"column":26},"end":{"line":128,"column":52}}]}},"b":{"0":[24],"1":[12],"2":[24],"3":[6],"4":[25],"5":[5],"6":[24],"7":[5],"8":[24],"9":[24],"10":[2],"11":[14],"12":[22],"13":[14],"14":[14],"15":[2],"16":[1],"17":[2],"18":[2],"19":[1],"20":[2],"21":[2],"22":[1],"23":[0],"24":[0],"25":[0],"26":[2],"27":[3],"28":[1],"29":[1],"30":[1],"31":[0],"32":[1],"33":[1],"34":[1],"35":[1],"36":[1]},"fnMap":{"0":{"name":"<instance_members_initializer>","decl":{"start":{"line":12,"column":11},"end":{"line":15,"column":24}},"loc":{"start":{"line":12,"column":11},"end":{"line":15,"column":24}},"line":12},"1":{"name":"get id","decl":{"start":{"line":12,"column":2},"end":{"line":12,"column":22}},"loc":{"start":{"line":12,"column":2},"end":{"line":12,"column":22}},"line":12},"2":{"name":"set id","decl":{"start":{"line":12,"column":2},"end":{"line":12,"column":22}},"loc":{"start":{"line":12,"column":2},"end":{"line":12,"column":22}},"line":12},"3":{"name":"get nombre","decl":{"start":{"line":13,"column":2},"end":{"line":13,"column":26}},"loc":{"start":{"line":13,"column":2},"end":{"line":13,"column":26}},"line":13},"4":{"name":"set nombre","decl":{"start":{"line":13,"column":2},"end":{"line":13,"column":26}},"loc":{"start":{"line":13,"column":2},"end":{"line":13,"column":26}},"line":13},"5":{"name":"get raza","decl":{"start":{"line":14,"column":2},"end":{"line":14,"column":22}},"loc":{"start":{"line":14,"column":2},"end":{"line":14,"column":22}},"line":14},"6":{"name":"set raza","decl":{"start":{"line":14,"column":2},"end":{"line":14,"column":22}},"loc":{"start":{"line":14,"column":2},"end":{"line":14,"column":22}},"line":14},"7":{"name":"get lugar","decl":{"start":{"line":15,"column":2},"end":{"line":15,"column":24}},"loc":{"start":{"line":15,"column":2},"end":{"line":15,"column":24}},"line":15},"8":{"name":"set lugar","decl":{"start":{"line":15,"column":2},"end":{"line":15,"column":24}},"loc":{"start":{"line":15,"column":2},"end":{"line":15,"column":24}},"line":15},"9":{"name":"Cliente","decl":{"start":{"line":24,"column":2},"end":{"line":29,"column":3}},"loc":{"start":{"line":24,"column":2},"end":{"line":29,"column":3}},"line":24},"10":{"name":"print","decl":{"start":{"line":34,"column":2},"end":{"line":38,"column":3}},"loc":{"start":{"line":34,"column":2},"end":{"line":38,"column":3}},"line":34},"11":{"name":"<instance_members_initializer>","decl":{"start":{"line":46,"column":11},"end":{"line":46,"column":30}},"loc":{"start":{"line":46,"column":11},"end":{"line":46,"column":30}},"line":46},"12":{"name":"get clientes","decl":{"start":{"line":46,"column":2},"end":{"line":46,"column":30}},"loc":{"start":{"line":46,"column":2},"end":{"line":46,"column":30}},"line":46},"13":{"name":"set clientes","decl":{"start":{"line":46,"column":2},"end":{"line":46,"column":30}},"loc":{"start":{"line":46,"column":2},"end":{"line":46,"column":30}},"line":46},"14":{"name":"ColeccionClientes","decl":{"start":{"line":52,"column":2},"end":{"line":54,"column":3}},"loc":{"start":{"line":52,"column":2},"end":{"line":54,"column":3}},"line":52},"15":{"name":"añadir","decl":{"start":{"line":60,"column":2},"end":{"line":65,"column":3}},"loc":{"start":{"line":60,"column":2},"end":{"line":65,"column":3}},"line":60},"16":{"name":"eliminar","decl":{"start":{"line":71,"column":2},"end":{"line":77,"column":3}},"loc":{"start":{"line":71,"column":2},"end":{"line":77,"column":3}},"line":71},"17":{"name":"modificar","decl":{"start":{"line":85,"column":2},"end":{"line":103,"column":3}},"loc":{"start":{"line":85,"column":2},"end":{"line":103,"column":3}},"line":85},"18":{"name":"buscar","decl":{"start":{"line":111,"column":2},"end":{"line":122,"column":3}},"loc":{"start":{"line":111,"column":2},"end":{"line":122,"column":3}},"line":111},"19":{"name":"print","decl":{"start":{"line":127,"column":2},"end":{"line":129,"column":3}},"loc":{"start":{"line":127,"column":2},"end":{"line":129,"column":3}},"line":127}},"f":{"0":24,"1":12,"2":24,"3":6,"4":25,"5":5,"6":24,"7":5,"8":24,"9":24,"10":2,"11":14,"12":22,"13":14,"14":14,"15":2,"16":2,"17":2,"18":3,"19":1}}
,"/home/usuario/DSI/prct07/src/inventario.ts": {"path":"/home/usuario/DSI/prct07/src/inventario.ts","all":true,"statementMap":{"8":{"start":{"line":9,"column":0},"end":{"line":9,"column":25}},"9":{"start":{"line":10,"column":0},"end":{"line":10,"column":35}},"10":{"start":{"line":11,"column":0},"end":{"line":11,"column":43}},"11":{"start":{"line":12,"column":0},"end":{"line":12,"column":39}},"12":{"start":{"line":13,"column":0},"end":{"line":13,"column":40}},"21":{"start":{"line":22,"column":0},"end":{"line":22,"column":137}},"22":{"start":{"line":23,"column":0},"end":{"line":23,"column":25}},"23":{"start":{"line":24,"column":0},"end":{"line":24,"column":33}},"24":{"start":{"line":25,"column":0},"end":{"line":25,"column":29}},"25":{"start":{"line":26,"column":0},"end":{"line":26,"column":39}},"26":{"start":{"line":27,"column":0},"end":{"line":27,"column":3}},"31":{"start":{"line":32,"column":0},"end":{"line":32,"column":11}},"32":{"start":{"line":33,"column":0},"end":{"line":33,"column":27}},"33":{"start":{"line":34,"column":0},"end":{"line":34,"column":48}},"34":{"start":{"line":35,"column":0},"end":{"line":35,"column":15}},"35":{"start":{"line":36,"column":0},"end":{"line":36,"column":23}},"36":{"start":{"line":37,"column":0},"end":{"line":37,"column":33}},"37":{"start":{"line":38,"column":0},"end":{"line":38,"column":27}},"38":{"start":{"line":39,"column":0},"end":{"line":39,"column":19}},"39":{"start":{"line":40,"column":0},"end":{"line":40,"column":20}},"40":{"start":{"line":41,"column":0},"end":{"line":41,"column":9}},"42":{"start":{"line":43,"column":0},"end":{"line":43,"column":31}},"43":{"start":{"line":44,"column":0},"end":{"line":44,"column":56}},"44":{"start":{"line":45,"column":0},"end":{"line":45,"column":15}},"45":{"start":{"line":46,"column":0},"end":{"line":46,"column":23}},"46":{"start":{"line":47,"column":0},"end":{"line":47,"column":29}},"47":{"start":{"line":48,"column":0},"end":{"line":48,"column":20}},"48":{"start":{"line":49,"column":0},"end":{"line":49,"column":9}},"50":{"start":{"line":51,"column":0},"end":{"line":51,"column":29}},"51":{"start":{"line":52,"column":0},"end":{"line":52,"column":52}},"52":{"start":{"line":53,"column":0},"end":{"line":53,"column":15}},"53":{"start":{"line":54,"column":0},"end":{"line":54,"column":23}},"54":{"start":{"line":55,"column":0},"end":{"line":55,"column":19}},"55":{"start":{"line":56,"column":0},"end":{"line":56,"column":20}},"56":{"start":{"line":57,"column":0},"end":{"line":57,"column":9}},"57":{"start":{"line":58,"column":0},"end":{"line":58,"column":3}},"58":{"start":{"line":59,"column":0},"end":{"line":59,"column":1}}},"s":{"8":0,"9":0,"10":0,"11":0,"12":0,"21":0,"22":0,"23":0,"24":0,"25":0,"26":0,"31":0,"32":0,"33":0,"34":0,"35":0,"36":0,"37":0,"38":0,"39":0,"40":0,"42":0,"43":0,"44":0,"45":0,"46":0,"47":0,"48":0,"50":0,"51":0,"52":0,"53":0,"54":0,"55":0,"56":0,"57":0,"58":0},"branchMap":{"0":{"type":"branch","line":1,"loc":{"start":{"line":1,"column":1617},"end":{"line":59,"column":1}},"locations":[{"start":{"line":1,"column":1617},"end":{"line":59,"column":1}}]}},"b":{"0":[1]},"fnMap":{"0":{"name":"(empty-report)","decl":{"start":{"line":1,"column":1617},"end":{"line":59,"column":1}},"loc":{"start":{"line":1,"column":1617},"end":{"line":59,"column":1}},"line":1}},"f":{"0":1}}
,"/home/usuario/DSI/prct07/src/menu.ts": {"path":"/home/usuario/DSI/prct07/src/menu.ts","all":true,"statementMap":{"0":{"start":{"line":1,"column":0},"end":{"line":1,"column":32}},"1":{"start":{"line":2,"column":0},"end":{"line":2,"column":45}},"2":{"start":{"line":3,"column":0},"end":{"line":3,"column":50}},"3":{"start":{"line":4,"column":0},"end":{"line":4,"column":58}},"4":{"start":{"line":5,"column":0},"end":{"line":5,"column":62}},"7":{"start":{"line":8,"column":0},"end":{"line":8,"column":27}},"8":{"start":{"line":9,"column":0},"end":{"line":9,"column":58}},"9":{"start":{"line":10,"column":0},"end":{"line":10,"column":55}},"10":{"start":{"line":11,"column":0},"end":{"line":11,"column":53}},"11":{"start":{"line":12,"column":0},"end":{"line":12,"column":2}},"13":{"start":{"line":14,"column":0},"end":{"line":14,"column":29}},"14":{"start":{"line":15,"column":0},"end":{"line":15,"column":50}},"15":{"start":{"line":16,"column":0},"end":{"line":16,"column":48}},"16":{"start":{"line":17,"column":0},"end":{"line":17,"column":43}},"17":{"start":{"line":18,"column":0},"end":{"line":18,"column":2}},"19":{"start":{"line":20,"column":0},"end":{"line":20,"column":31}},"20":{"start":{"line":21,"column":0},"end":{"line":21,"column":52}},"21":{"start":{"line":22,"column":0},"end":{"line":22,"column":55}},"22":{"start":{"line":23,"column":0},"end":{"line":23,"column":45}},"23":{"start":{"line":24,"column":0},"end":{"line":24,"column":2}},"25":{"start":{"line":26,"column":0},"end":{"line":26,"column":52}},"26":{"start":{"line":27,"column":0},"end":{"line":27,"column":58}},"27":{"start":{"line":28,"column":0},"end":{"line":28,"column":64}},"29":{"start":{"line":30,"column":0},"end":{"line":30,"column":62}},"35":{"start":{"line":36,"column":0},"end":{"line":36,"column":15}},"36":{"start":{"line":37,"column":0},"end":{"line":37,"column":18}},"37":{"start":{"line":38,"column":0},"end":{"line":38,"column":22}},"38":{"start":{"line":39,"column":0},"end":{"line":39,"column":23}},"39":{"start":{"line":40,"column":0},"end":{"line":40,"column":30}},"40":{"start":{"line":41,"column":0},"end":{"line":41,"column":26}},"41":{"start":{"line":42,"column":0},"end":{"line":42,"column":16}},"47":{"start":{"line":48,"column":0},"end":{"line":48,"column":16}},"48":{"start":{"line":49,"column":0},"end":{"line":49,"column":16}},"49":{"start":{"line":50,"column":0},"end":{"line":50,"column":22}},"50":{"start":{"line":51,"column":0},"end":{"line":51,"column":23}},"54":{"start":{"line":55,"column":0},"end":{"line":55,"column":29}},"55":{"start":{"line":56,"column":0},"end":{"line":56,"column":45}},"57":{"start":{"line":58,"column":0},"end":{"line":58,"column":21}},"59":{"start":{"line":60,"column":0},"end":{"line":60,"column":45}},"60":{"start":{"line":61,"column":0},"end":{"line":61,"column":17}},"61":{"start":{"line":62,"column":0},"end":{"line":62,"column":20}},"62":{"start":{"line":63,"column":0},"end":{"line":63,"column":34}},"63":{"start":{"line":64,"column":0},"end":{"line":64,"column":37}},"64":{"start":{"line":65,"column":0},"end":{"line":65,"column":5}},"66":{"start":{"line":67,"column":0},"end":{"line":67,"column":20}},"67":{"start":{"line":68,"column":0},"end":{"line":68,"column":22}},"68":{"start":{"line":69,"column":0},"end":{"line":69,"column":28}},"69":{"start":{"line":70,"column":0},"end":{"line":70,"column":12}},"70":{"start":{"line":71,"column":0},"end":{"line":71,"column":25}},"71":{"start":{"line":72,"column":0},"end":{"line":72,"column":29}},"72":{"start":{"line":73,"column":0},"end":{"line":73,"column":12}},"73":{"start":{"line":74,"column":0},"end":{"line":74,"column":25}},"74":{"start":{"line":75,"column":0},"end":{"line":75,"column":30}},"75":{"start":{"line":76,"column":0},"end":{"line":76,"column":12}},"76":{"start":{"line":77,"column":0},"end":{"line":77,"column":30}},"77":{"start":{"line":78,"column":0},"end":{"line":78,"column":31}},"78":{"start":{"line":79,"column":0},"end":{"line":79,"column":12}},"79":{"start":{"line":80,"column":0},"end":{"line":80,"column":28}},"80":{"start":{"line":81,"column":0},"end":{"line":81,"column":30}},"81":{"start":{"line":82,"column":0},"end":{"line":82,"column":12}},"82":{"start":{"line":83,"column":0},"end":{"line":83,"column":23}},"83":{"start":{"line":84,"column":0},"end":{"line":84,"column":29}},"84":{"start":{"line":85,"column":0},"end":{"line":85,"column":13}},"85":{"start":{"line":86,"column":0},"end":{"line":86,"column":3}},"87":{"start":{"line":88,"column":0},"end":{"line":88,"column":43}},"88":{"start":{"line":89,"column":0},"end":{"line":89,"column":1}},"91":{"start":{"line":92,"column":0},"end":{"line":92,"column":32}},"92":{"start":{"line":93,"column":0},"end":{"line":93,"column":18}},"93":{"start":{"line":94,"column":0},"end":{"line":94,"column":27}},"95":{"start":{"line":96,"column":0},"end":{"line":96,"column":45}},"96":{"start":{"line":97,"column":0},"end":{"line":97,"column":17}},"97":{"start":{"line":98,"column":0},"end":{"line":98,"column":20}},"98":{"start":{"line":99,"column":0},"end":{"line":99,"column":44}},"99":{"start":{"line":100,"column":0},"end":{"line":100,"column":38}},"100":{"start":{"line":101,"column":0},"end":{"line":101,"column":5}},"102":{"start":{"line":103,"column":0},"end":{"line":103,"column":43}},"103":{"start":{"line":104,"column":0},"end":{"line":104,"column":18}},"104":{"start":{"line":105,"column":0},"end":{"line":105,"column":18}},"105":{"start":{"line":106,"column":0},"end":{"line":106,"column":94}},"106":{"start":{"line":107,"column":0},"end":{"line":107,"column":5}},"108":{"start":{"line":109,"column":0},"end":{"line":109,"column":14}},"109":{"start":{"line":110,"column":0},"end":{"line":110,"column":22}},"110":{"start":{"line":111,"column":0},"end":{"line":111,"column":26}},"111":{"start":{"line":112,"column":0},"end":{"line":112,"column":40}},"112":{"start":{"line":113,"column":0},"end":{"line":113,"column":14}},"113":{"start":{"line":114,"column":0},"end":{"line":114,"column":29}},"114":{"start":{"line":115,"column":0},"end":{"line":115,"column":42}},"115":{"start":{"line":116,"column":0},"end":{"line":116,"column":14}},"116":{"start":{"line":117,"column":0},"end":{"line":117,"column":30}},"117":{"start":{"line":118,"column":0},"end":{"line":118,"column":44}},"118":{"start":{"line":119,"column":0},"end":{"line":119,"column":14}},"119":{"start":{"line":120,"column":0},"end":{"line":120,"column":5}},"120":{"start":{"line":121,"column":0},"end":{"line":121,"column":3}},"121":{"start":{"line":122,"column":0},"end":{"line":122,"column":1}},"124":{"start":{"line":125,"column":0},"end":{"line":125,"column":33}},"125":{"start":{"line":126,"column":0},"end":{"line":126,"column":18}},"126":{"start":{"line":127,"column":0},"end":{"line":127,"column":28}},"127":{"start":{"line":128,"column":0},"end":{"line":128,"column":21}},"129":{"start":{"line":130,"column":0},"end":{"line":130,"column":45}},"130":{"start":{"line":131,"column":0},"end":{"line":131,"column":17}},"131":{"start":{"line":132,"column":0},"end":{"line":132,"column":20}},"132":{"start":{"line":133,"column":0},"end":{"line":133,"column":45}},"133":{"start":{"line":134,"column":0},"end":{"line":134,"column":38}},"134":{"start":{"line":135,"column":0},"end":{"line":135,"column":5}},"136":{"start":{"line":137,"column":0},"end":{"line":137,"column":40}},"137":{"start":{"line":138,"column":0},"end":{"line":138,"column":18}},"138":{"start":{"line":139,"column":0},"end":{"line":139,"column":15}},"139":{"start":{"line":140,"column":0},"end":{"line":140,"column":57}},"140":{"start":{"line":141,"column":0},"end":{"line":141,"column":5}},"142":{"start":{"line":143,"column":0},"end":{"line":143,"column":11}},"143":{"start":{"line":144,"column":0},"end":{"line":144,"column":22}},"144":{"start":{"line":145,"column":0},"end":{"line":145,"column":26}},"145":{"start":{"line":146,"column":0},"end":{"line":146,"column":47}},"146":{"start":{"line":147,"column":0},"end":{"line":147,"column":14}},"147":{"start":{"line":148,"column":0},"end":{"line":148,"column":29}},"148":{"start":{"line":149,"column":0},"end":{"line":149,"column":49}},"149":{"start":{"line":150,"column":0},"end":{"line":150,"column":14}},"150":{"start":{"line":151,"column":0},"end":{"line":151,"column":30}},"151":{"start":{"line":152,"column":0},"end":{"line":152,"column":51}},"152":{"start":{"line":153,"column":0},"end":{"line":153,"column":14}},"153":{"start":{"line":154,"column":0},"end":{"line":154,"column":5}},"154":{"start":{"line":155,"column":0},"end":{"line":155,"column":3}},"155":{"start":{"line":156,"column":0},"end":{"line":156,"column":1}},"158":{"start":{"line":159,"column":0},"end":{"line":159,"column":34}},"159":{"start":{"line":160,"column":0},"end":{"line":160,"column":18}},"160":{"start":{"line":161,"column":0},"end":{"line":161,"column":29}},"162":{"start":{"line":163,"column":0},"end":{"line":163,"column":45}},"163":{"start":{"line":164,"column":0},"end":{"line":164,"column":17}},"164":{"start":{"line":165,"column":0},"end":{"line":165,"column":20}},"165":{"start":{"line":166,"column":0},"end":{"line":166,"column":46}},"166":{"start":{"line":167,"column":0},"end":{"line":167,"column":38}},"167":{"start":{"line":168,"column":0},"end":{"line":168,"column":5}},"169":{"start":{"line":170,"column":0},"end":{"line":170,"column":54}},"170":{"start":{"line":171,"column":0},"end":{"line":171,"column":5}},"171":{"start":{"line":172,"column":0},"end":{"line":172,"column":20}},"172":{"start":{"line":173,"column":0},"end":{"line":173,"column":17}},"173":{"start":{"line":174,"column":0},"end":{"line":174,"column":60}},"174":{"start":{"line":175,"column":0},"end":{"line":175,"column":6}},"175":{"start":{"line":176,"column":0},"end":{"line":176,"column":5}},"176":{"start":{"line":177,"column":0},"end":{"line":177,"column":20}},"177":{"start":{"line":178,"column":0},"end":{"line":178,"column":20}},"178":{"start":{"line":179,"column":0},"end":{"line":179,"column":48}},"179":{"start":{"line":180,"column":0},"end":{"line":180,"column":6}},"180":{"start":{"line":181,"column":0},"end":{"line":181,"column":5}},"181":{"start":{"line":182,"column":0},"end":{"line":182,"column":20}},"182":{"start":{"line":183,"column":0},"end":{"line":183,"column":20}},"183":{"start":{"line":184,"column":0},"end":{"line":184,"column":42}},"184":{"start":{"line":185,"column":0},"end":{"line":185,"column":5}},"185":{"start":{"line":186,"column":0},"end":{"line":186,"column":5}},"187":{"start":{"line":188,"column":0},"end":{"line":188,"column":29}},"188":{"start":{"line":189,"column":0},"end":{"line":189,"column":22}},"189":{"start":{"line":190,"column":0},"end":{"line":190,"column":26}},"190":{"start":{"line":191,"column":0},"end":{"line":191,"column":78}},"191":{"start":{"line":192,"column":0},"end":{"line":192,"column":14}},"192":{"start":{"line":193,"column":0},"end":{"line":193,"column":29}},"193":{"start":{"line":194,"column":0},"end":{"line":194,"column":80}},"194":{"start":{"line":195,"column":0},"end":{"line":195,"column":14}},"195":{"start":{"line":196,"column":0},"end":{"line":196,"column":30}},"196":{"start":{"line":197,"column":0},"end":{"line":197,"column":82}},"197":{"start":{"line":198,"column":0},"end":{"line":198,"column":14}},"198":{"start":{"line":199,"column":0},"end":{"line":199,"column":5}},"199":{"start":{"line":200,"column":0},"end":{"line":200,"column":3}},"200":{"start":{"line":201,"column":0},"end":{"line":201,"column":1}},"202":{"start":{"line":203,"column":0},"end":{"line":203,"column":35}},"203":{"start":{"line":204,"column":0},"end":{"line":204,"column":18}},"204":{"start":{"line":205,"column":0},"end":{"line":205,"column":31}},"206":{"start":{"line":207,"column":0},"end":{"line":207,"column":53}},"207":{"start":{"line":208,"column":0},"end":{"line":208,"column":5}},"208":{"start":{"line":209,"column":0},"end":{"line":209,"column":19}},"209":{"start":{"line":210,"column":0},"end":{"line":210,"column":23}},"210":{"start":{"line":211,"column":0},"end":{"line":211,"column":52}},"211":{"start":{"line":212,"column":0},"end":{"line":212,"column":49}},"212":{"start":{"line":213,"column":0},"end":{"line":213,"column":6}},"213":{"start":{"line":214,"column":0},"end":{"line":214,"column":5}},"214":{"start":{"line":215,"column":0},"end":{"line":215,"column":19}},"215":{"start":{"line":216,"column":0},"end":{"line":216,"column":20}},"216":{"start":{"line":217,"column":0},"end":{"line":217,"column":37}},"217":{"start":{"line":218,"column":0},"end":{"line":218,"column":100}},"218":{"start":{"line":219,"column":0},"end":{"line":219,"column":5}},"219":{"start":{"line":220,"column":0},"end":{"line":220,"column":5}},"221":{"start":{"line":222,"column":0},"end":{"line":222,"column":43}},"222":{"start":{"line":223,"column":0},"end":{"line":223,"column":18}},"223":{"start":{"line":224,"column":0},"end":{"line":224,"column":18}},"224":{"start":{"line":225,"column":0},"end":{"line":225,"column":73}},"225":{"start":{"line":226,"column":0},"end":{"line":226,"column":5}},"227":{"start":{"line":228,"column":0},"end":{"line":228,"column":75}},"229":{"start":{"line":230,"column":0},"end":{"line":230,"column":18}},"230":{"start":{"line":231,"column":0},"end":{"line":231,"column":29}},"231":{"start":{"line":232,"column":0},"end":{"line":232,"column":72}},"232":{"start":{"line":233,"column":0},"end":{"line":233,"column":12}},"233":{"start":{"line":234,"column":0},"end":{"line":234,"column":30}},"234":{"start":{"line":235,"column":0},"end":{"line":235,"column":73}},"235":{"start":{"line":236,"column":0},"end":{"line":236,"column":12}},"236":{"start":{"line":237,"column":0},"end":{"line":237,"column":28}},"237":{"start":{"line":238,"column":0},"end":{"line":238,"column":71}},"238":{"start":{"line":239,"column":0},"end":{"line":239,"column":12}},"239":{"start":{"line":240,"column":0},"end":{"line":240,"column":29}},"240":{"start":{"line":241,"column":0},"end":{"line":241,"column":72}},"241":{"start":{"line":242,"column":0},"end":{"line":242,"column":12}},"242":{"start":{"line":243,"column":0},"end":{"line":243,"column":3}},"244":{"start":{"line":245,"column":0},"end":{"line":245,"column":44}},"245":{"start":{"line":246,"column":0},"end":{"line":246,"column":47}},"246":{"start":{"line":247,"column":0},"end":{"line":247,"column":20}},"247":{"start":{"line":248,"column":0},"end":{"line":248,"column":22}},"248":{"start":{"line":249,"column":0},"end":{"line":249,"column":34}},"249":{"start":{"line":250,"column":0},"end":{"line":250,"column":5}},"251":{"start":{"line":252,"column":0},"end":{"line":252,"column":19}},"252":{"start":{"line":253,"column":0},"end":{"line":253,"column":27}},"253":{"start":{"line":254,"column":0},"end":{"line":254,"column":11}},"254":{"start":{"line":255,"column":0},"end":{"line":255,"column":3}},"255":{"start":{"line":256,"column":0},"end":{"line":256,"column":18}},"256":{"start":{"line":257,"column":0},"end":{"line":257,"column":15}},"257":{"start":{"line":258,"column":0},"end":{"line":258,"column":1}},"259":{"start":{"line":260,"column":0},"end":{"line":260,"column":34}},"260":{"start":{"line":261,"column":0},"end":{"line":261,"column":18}},"261":{"start":{"line":262,"column":0},"end":{"line":262,"column":31}},"263":{"start":{"line":264,"column":0},"end":{"line":264,"column":42}},"264":{"start":{"line":265,"column":0},"end":{"line":265,"column":5}},"265":{"start":{"line":266,"column":0},"end":{"line":266,"column":19}},"266":{"start":{"line":267,"column":0},"end":{"line":267,"column":19}},"267":{"start":{"line":268,"column":0},"end":{"line":268,"column":52}},"268":{"start":{"line":269,"column":0},"end":{"line":269,"column":39}},"269":{"start":{"line":270,"column":0},"end":{"line":270,"column":6}},"270":{"start":{"line":271,"column":0},"end":{"line":271,"column":5}},"271":{"start":{"line":272,"column":0},"end":{"line":272,"column":24}},"272":{"start":{"line":273,"column":0},"end":{"line":273,"column":28}},"273":{"start":{"line":274,"column":0},"end":{"line":274,"column":57}},"274":{"start":{"line":275,"column":0},"end":{"line":275,"column":7}},"275":{"start":{"line":276,"column":0},"end":{"line":276,"column":21}},"276":{"start":{"line":277,"column":0},"end":{"line":277,"column":22}},"277":{"start":{"line":278,"column":0},"end":{"line":278,"column":51}},"278":{"start":{"line":279,"column":0},"end":{"line":279,"column":50}},"279":{"start":{"line":280,"column":0},"end":{"line":280,"column":8}},"280":{"start":{"line":281,"column":0},"end":{"line":281,"column":7}},"281":{"start":{"line":282,"column":0},"end":{"line":282,"column":22}},"282":{"start":{"line":283,"column":0},"end":{"line":283,"column":24}},"283":{"start":{"line":284,"column":0},"end":{"line":284,"column":50}},"284":{"start":{"line":285,"column":0},"end":{"line":285,"column":7}},"285":{"start":{"line":286,"column":0},"end":{"line":286,"column":7}},"286":{"start":{"line":287,"column":0},"end":{"line":287,"column":62}},"287":{"start":{"line":288,"column":0},"end":{"line":288,"column":3}},"288":{"start":{"line":289,"column":0},"end":{"line":289,"column":8}},"289":{"start":{"line":290,"column":0},"end":{"line":290,"column":57}},"290":{"start":{"line":291,"column":0},"end":{"line":291,"column":7}},"291":{"start":{"line":292,"column":0},"end":{"line":292,"column":21}},"292":{"start":{"line":293,"column":0},"end":{"line":293,"column":22}},"293":{"start":{"line":294,"column":0},"end":{"line":294,"column":51}},"294":{"start":{"line":295,"column":0},"end":{"line":295,"column":45}},"295":{"start":{"line":296,"column":0},"end":{"line":296,"column":8}},"296":{"start":{"line":297,"column":0},"end":{"line":297,"column":7}},"297":{"start":{"line":298,"column":0},"end":{"line":298,"column":22}},"298":{"start":{"line":299,"column":0},"end":{"line":299,"column":24}},"299":{"start":{"line":300,"column":0},"end":{"line":300,"column":50}},"300":{"start":{"line":301,"column":0},"end":{"line":301,"column":7}},"301":{"start":{"line":302,"column":0},"end":{"line":302,"column":7}},"302":{"start":{"line":303,"column":0},"end":{"line":303,"column":60}},"303":{"start":{"line":304,"column":0},"end":{"line":304,"column":3}},"304":{"start":{"line":305,"column":0},"end":{"line":305,"column":21}},"305":{"start":{"line":306,"column":0},"end":{"line":306,"column":47}},"306":{"start":{"line":307,"column":0},"end":{"line":307,"column":20}},"307":{"start":{"line":308,"column":0},"end":{"line":308,"column":22}},"308":{"start":{"line":309,"column":0},"end":{"line":309,"column":34}},"309":{"start":{"line":310,"column":0},"end":{"line":310,"column":5}},"310":{"start":{"line":311,"column":0},"end":{"line":311,"column":19}},"311":{"start":{"line":312,"column":0},"end":{"line":312,"column":27}},"312":{"start":{"line":313,"column":0},"end":{"line":313,"column":11}},"313":{"start":{"line":314,"column":0},"end":{"line":314,"column":3}},"314":{"start":{"line":315,"column":0},"end":{"line":315,"column":18}},"315":{"start":{"line":316,"column":0},"end":{"line":316,"column":15}},"316":{"start":{"line":317,"column":0},"end":{"line":317,"column":1}},"320":{"start":{"line":321,"column":0},"end":{"line":321,"column":13}}},"s":{"0":0,"1":0,"2":0,"3":0,"4":0,"7":0,"8":0,"9":0,"10":0,"11":0,"13":0,"14":0,"15":0,"16":0,"17":0,"19":0,"20":0,"21":0,"22":0,"23":0,"25":0,"26":0,"27":0,"29":0,"35":0,"36":0,"37":0,"38":0,"39":0,"40":0,"41":0,"47":0,"48":0,"49":0,"50":0,"54":0,"55":0,"57":0,"59":0,"60":0,"61":0,"62":0,"63":0,"64":0,"66":0,"67":0,"68":0,"69":0,"70":0,"71":0,"72":0,"73":0,"74":0,"75":0,"76":0,"77":0,"78":0,"79":0,"80":0,"81":0,"82":0,"83":0,"84":0,"85":0,"87":0,"88":0,"91":0,"92":0,"93":0,"95":0,"96":0,"97":0,"98":0,"99":0,"100":0,"102":0,"103":0,"104":0,"105":0,"106":0,"108":0,"109":0,"110":0,"111":0,"112":0,"113":0,"114":0,"115":0,"116":0,"117":0,"118":0,"119":0,"120":0,"121":0,"124":0,"125":0,"126":0,"127":0,"129":0,"130":0,"131":0,"132":0,"133":0,"134":0,"136":0,"137":0,"138":0,"139":0,"140":0,"142":0,"143":0,"144":0,"145":0,"146":0,"147":0,"148":0,"149":0,"150":0,"151":0,"152":0,"153":0,"154":0,"155":0,"158":0,"159":0,"160":0,"162":0,"163":0,"164":0,"165":0,"166":0,"167":0,"169":0,"170":0,"171":0,"172":0,"173":0,"174":0,"175":0,"176":0,"177":0,"178":0,"179":0,"180":0,"181":0,"182":0,"183":0,"184":0,"185":0,"187":0,"188":0,"189":0,"190":0,"191":0,"192":0,"193":0,"194":0,"195":0,"196":0,"197":0,"198":0,"199":0,"200":0,"202":0,"203":0,"204":0,"206":0,"207":0,"208":0,"209":0,"210":0,"211":0,"212":0,"213":0,"214":0,"215":0,"216":0,"217":0,"218":0,"219":0,"221":0,"222":0,"223":0,"224":0,"225":0,"227":0,"229":0,"230":0,"231":0,"232":0,"233":0,"234":0,"235":0,"236":0,"237":0,"238":0,"239":0,"240":0,"241":0,"242":0,"244":0,"245":0,"246":0,"247":0,"248":0,"249":0,"251":0,"252":0,"253":0,"254":0,"255":0,"256":0,"257":0,"259":0,"260":0,"261":0,"263":0,"264":0,"265":0,"266":0,"267":0,"268":0,"269":0,"270":0,"271":0,"272":0,"273":0,"274":0,"275":0,"276":0,"277":0,"278":0,"279":0,"280":0,"281":0,"282":0,"283":0,"284":0,"285":0,"286":0,"287":0,"288":0,"289":0,"290":0,"291":0,"292":0,"293":0,"294":0,"295":0,"296":0,"297":0,"298":0,"299":0,"300":0,"301":0,"302":0,"303":0,"304":0,"305":0,"306":0,"307":0,"308":0,"309":0,"310":0,"311":0,"312":0,"313":0,"314":0,"315":0,"316":0,"320":0},"branchMap":{"0":{"type":"branch","line":1,"loc":{"start":{"line":1,"column":0},"end":{"line":321,"column":-881}},"locations":[{"start":{"line":1,"column":0},"end":{"line":321,"column":-881}}]}},"b":{"0":[0]},"fnMap":{"0":{"name":"(empty-report)","decl":{"start":{"line":1,"column":0},"end":{"line":321,"column":-881}},"loc":{"start":{"line":1,"column":0},"end":{"line":321,"column":-881}},"line":1}},"f":{"0":0}}
,"/home/usuario/DSI/prct07/src/mercader.ts": {"path":"/home/usuario/DSI/prct07/src/mercader.ts","all":false,"statementMap":{"13":{"start":{"line":14,"column":0},"end":{"line":14,"column":23}},"14":{"start":{"line":15,"column":0},"end":{"line":15,"column":22}},"15":{"start":{"line":16,"column":0},"end":{"line":16,"column":26}},"16":{"start":{"line":17,"column":0},"end":{"line":17,"column":32}},"17":{"start":{"line":18,"column":0},"end":{"line":18,"column":24}},"26":{"start":{"line":27,"column":0},"end":{"line":27,"column":79}},"27":{"start":{"line":28,"column":0},"end":{"line":28,"column":17}},"28":{"start":{"line":29,"column":0},"end":{"line":29,"column":25}},"29":{"start":{"line":30,"column":0},"end":{"line":30,"column":31}},"30":{"start":{"line":31,"column":0},"end":{"line":31,"column":23}},"31":{"start":{"line":32,"column":0},"end":{"line":32,"column":3}},"36":{"start":{"line":37,"column":0},"end":{"line":37,"column":17}},"37":{"start":{"line":38,"column":0},"end":{"line":38,"column":16}},"38":{"start":{"line":39,"column":0},"end":{"line":39,"column":21}},"39":{"start":{"line":40,"column":0},"end":{"line":40,"column":28}},"40":{"start":{"line":41,"column":0},"end":{"line":41,"column":34}},"41":{"start":{"line":42,"column":0},"end":{"line":42,"column":27}},"42":{"start":{"line":43,"column":0},"end":{"line":43,"column":6}},"43":{"start":{"line":44,"column":0},"end":{"line":44,"column":3}},"44":{"start":{"line":45,"column":0},"end":{"line":45,"column":1}},"50":{"start":{"line":51,"column":0},"end":{"line":51,"column":34}},"51":{"start":{"line":52,"column":0},"end":{"line":52,"column":34}},"57":{"start":{"line":58,"column":0},"end":{"line":58,"column":39}},"58":{"start":{"line":59,"column":0},"end":{"line":59,"column":33}},"59":{"start":{"line":60,"column":0},"end":{"line":60,"column":3}},"65":{"start":{"line":66,"column":0},"end":{"line":66,"column":36}},"66":{"start":{"line":67,"column":0},"end":{"line":67,"column":58}},"67":{"start":{"line":68,"column":0},"end":{"line":68,"column":67}},"68":{"start":{"line":69,"column":0},"end":{"line":69,"column":5}},"69":{"start":{"line":70,"column":0},"end":{"line":70,"column":35}},"70":{"start":{"line":71,"column":0},"end":{"line":71,"column":3}},"76":{"start":{"line":77,"column":0},"end":{"line":77,"column":30}},"77":{"start":{"line":78,"column":0},"end":{"line":78,"column":70}},"78":{"start":{"line":79,"column":0},"end":{"line":79,"column":31}},"79":{"start":{"line":80,"column":0},"end":{"line":80,"column":58}},"80":{"start":{"line":81,"column":0},"end":{"line":81,"column":5}},"81":{"start":{"line":82,"column":0},"end":{"line":82,"column":45}},"82":{"start":{"line":83,"column":0},"end":{"line":83,"column":3}},"90":{"start":{"line":91,"column":0},"end":{"line":91,"column":61}},"91":{"start":{"line":92,"column":0},"end":{"line":92,"column":60}},"92":{"start":{"line":93,"column":0},"end":{"line":93,"column":20}},"93":{"start":{"line":94,"column":0},"end":{"line":94,"column":58}},"94":{"start":{"line":95,"column":0},"end":{"line":95,"column":5}},"95":{"start":{"line":96,"column":0},"end":{"line":96,"column":20}},"96":{"start":{"line":97,"column":0},"end":{"line":97,"column":20}},"97":{"start":{"line":98,"column":0},"end":{"line":98,"column":32}},"98":{"start":{"line":99,"column":0},"end":{"line":99,"column":14}},"99":{"start":{"line":100,"column":0},"end":{"line":100,"column":23}},"100":{"start":{"line":101,"column":0},"end":{"line":101,"column":48}},"101":{"start":{"line":102,"column":0},"end":{"line":102,"column":14}},"102":{"start":{"line":103,"column":0},"end":{"line":103,"column":19}},"103":{"start":{"line":104,"column":0},"end":{"line":104,"column":40}},"104":{"start":{"line":105,"column":0},"end":{"line":105,"column":14}},"105":{"start":{"line":106,"column":0},"end":{"line":106,"column":14}},"106":{"start":{"line":107,"column":0},"end":{"line":107,"column":65}},"107":{"start":{"line":108,"column":0},"end":{"line":108,"column":5}},"108":{"start":{"line":109,"column":0},"end":{"line":109,"column":3}},"116":{"start":{"line":117,"column":0},"end":{"line":117,"column":90}},"117":{"start":{"line":118,"column":0},"end":{"line":118,"column":20}},"118":{"start":{"line":119,"column":0},"end":{"line":119,"column":20}},"119":{"start":{"line":120,"column":0},"end":{"line":120,"column":97}},"120":{"start":{"line":121,"column":0},"end":{"line":121,"column":23}},"121":{"start":{"line":122,"column":0},"end":{"line":122,"column":100}},"122":{"start":{"line":123,"column":0},"end":{"line":123,"column":19}},"123":{"start":{"line":124,"column":0},"end":{"line":124,"column":96}},"124":{"start":{"line":125,"column":0},"end":{"line":125,"column":14}},"125":{"start":{"line":126,"column":0},"end":{"line":126,"column":93}},"126":{"start":{"line":127,"column":0},"end":{"line":127,"column":5}},"127":{"start":{"line":128,"column":0},"end":{"line":128,"column":3}},"132":{"start":{"line":133,"column":0},"end":{"line":133,"column":17}},"133":{"start":{"line":134,"column":0},"end":{"line":134,"column":58}},"134":{"start":{"line":135,"column":0},"end":{"line":135,"column":3}},"135":{"start":{"line":136,"column":0},"end":{"line":136,"column":1}}},"s":{"13":1,"14":1,"15":24,"16":24,"17":24,"26":1,"27":24,"28":24,"29":24,"30":24,"31":24,"36":1,"37":2,"38":2,"39":2,"40":2,"41":2,"42":2,"43":2,"44":1,"50":1,"51":1,"57":1,"58":14,"59":14,"65":1,"66":2,"67":1,"68":1,"69":1,"70":2,"76":1,"77":2,"78":2,"79":1,"80":1,"81":1,"82":2,"90":1,"91":3,"92":3,"93":1,"94":1,"95":2,"96":3,"97":1,"98":1,"99":3,"100":0,"101":0,"102":3,"103":0,"104":0,"105":3,"106":1,"107":3,"108":3,"116":1,"117":3,"118":3,"119":1,"120":3,"121":1,"122":3,"123":1,"124":3,"125":0,"126":3,"127":3,"132":1,"133":1,"134":1,"135":1},"branchMap":{"0":{"type":"branch","line":15,"loc":{"start":{"line":15,"column":11},"end":{"line":18,"column":24}},"locations":[{"start":{"line":15,"column":11},"end":{"line":18,"column":24}}]},"1":{"type":"branch","line":15,"loc":{"start":{"line":15,"column":2},"end":{"line":15,"column":22}},"locations":[{"start":{"line":15,"column":2},"end":{"line":15,"column":22}}]},"2":{"type":"branch","line":15,"loc":{"start":{"line":15,"column":2},"end":{"line":15,"column":22}},"locations":[{"start":{"line":15,"column":2},"end":{"line":15,"column":22}}]},"3":{"type":"branch","line":16,"loc":{"start":{"line":16,"column":2},"end":{"line":16,"column":26}},"locations":[{"start":{"line":16,"column":2},"end":{"line":16,"column":26}}]},"4":{"type":"branch","line":16,"loc":{"start":{"line":16,"column":2},"end":{"line":16,"column":26}},"locations":[{"start":{"line":16,"column":2},"end":{"line":16,"column":26}}]},"5":{"type":"branch","line":17,"loc":{"start":{"line":17,"column":2},"end":{"line":17,"column":32}},"locations":[{"start":{"line":17,"column":2},"end":{"line":17,"column":32}}]},"6":{"type":"branch","line":17,"loc":{"start":{"line":17,"column":2},"end":{"line":17,"column":32}},"locations":[{"start":{"line":17,"column":2},"end":{"line":17,"column":32}}]},"7":{"type":"branch","line":18,"loc":{"start":{"line":18,"column":2},"end":{"line":18,"column":24}},"locations":[{"start":{"line":18,"column":2},"end":{"line":18,"column":24}}]},"8":{"type":"branch","line":18,"loc":{"start":{"line":18,"column":2},"end":{"line":18,"column":24}},"locations":[{"start":{"line":18,"column":2},"end":{"line":18,"column":24}}]},"9":{"type":"branch","line":27,"loc":{"start":{"line":27,"column":2},"end":{"line":32,"column":3}},"locations":[{"start":{"line":27,"column":2},"end":{"line":32,"column":3}}]},"10":{"type":"branch","line":37,"loc":{"start":{"line":37,"column":2},"end":{"line":44,"column":3}},"locations":[{"start":{"line":37,"column":2},"end":{"line":44,"column":3}}]},"11":{"type":"branch","line":52,"loc":{"start":{"line":52,"column":11},"end":{"line":52,"column":34}},"locations":[{"start":{"line":52,"column":11},"end":{"line":52,"column":34}}]},"12":{"type":"branch","line":52,"loc":{"start":{"line":52,"column":2},"end":{"line":52,"column":34}},"locations":[{"start":{"line":52,"column":2},"end":{"line":52,"column":34}}]},"13":{"type":"branch","line":52,"loc":{"start":{"line":52,"column":2},"end":{"line":52,"column":34}},"locations":[{"start":{"line":52,"column":2},"end":{"line":52,"column":34}}]},"14":{"type":"branch","line":58,"loc":{"start":{"line":58,"column":2},"end":{"line":60,"column":3}},"locations":[{"start":{"line":58,"column":2},"end":{"line":60,"column":3}}]},"15":{"type":"branch","line":66,"loc":{"start":{"line":66,"column":2},"end":{"line":71,"column":3}},"locations":[{"start":{"line":66,"column":2},"end":{"line":71,"column":3}}]},"16":{"type":"branch","line":67,"loc":{"start":{"line":67,"column":57},"end":{"line":70,"column":35}},"locations":[{"start":{"line":67,"column":57},"end":{"line":70,"column":35}}]},"17":{"type":"branch","line":67,"loc":{"start":{"line":67,"column":29},"end":{"line":67,"column":54}},"locations":[{"start":{"line":67,"column":29},"end":{"line":67,"column":54}}]},"18":{"type":"branch","line":77,"loc":{"start":{"line":77,"column":2},"end":{"line":83,"column":3}},"locations":[{"start":{"line":77,"column":2},"end":{"line":83,"column":3}}]},"19":{"type":"branch","line":79,"loc":{"start":{"line":79,"column":30},"end":{"line":82,"column":45}},"locations":[{"start":{"line":79,"column":30},"end":{"line":82,"column":45}}]},"20":{"type":"branch","line":78,"loc":{"start":{"line":78,"column":52},"end":{"line":78,"column":68}},"locations":[{"start":{"line":78,"column":52},"end":{"line":78,"column":68}}]},"21":{"type":"branch","line":91,"loc":{"start":{"line":91,"column":2},"end":{"line":109,"column":3}},"locations":[{"start":{"line":91,"column":2},"end":{"line":109,"column":3}}]},"22":{"type":"branch","line":93,"loc":{"start":{"line":93,"column":19},"end":{"line":95,"column":5}},"locations":[{"start":{"line":93,"column":19},"end":{"line":95,"column":5}}]},"23":{"type":"branch","line":95,"loc":{"start":{"line":95,"column":4},"end":{"line":96,"column":20}},"locations":[{"start":{"line":95,"column":4},"end":{"line":96,"column":20}}]},"24":{"type":"branch","line":97,"loc":{"start":{"line":97,"column":6},"end":{"line":99,"column":14}},"locations":[{"start":{"line":97,"column":6},"end":{"line":99,"column":14}}]},"25":{"type":"branch","line":100,"loc":{"start":{"line":100,"column":6},"end":{"line":102,"column":14}},"locations":[{"start":{"line":100,"column":6},"end":{"line":102,"column":14}}]},"26":{"type":"branch","line":103,"loc":{"start":{"line":103,"column":6},"end":{"line":105,"column":14}},"locations":[{"start":{"line":103,"column":6},"end":{"line":105,"column":14}}]},"27":{"type":"branch","line":106,"loc":{"start":{"line":106,"column":6},"end":{"line":107,"column":65}},"locations":[{"start":{"line":106,"column":6},"end":{"line":107,"column":65}}]},"28":{"type":"branch","line":92,"loc":{"start":{"line":92,"column":42},"end":{"line":92,"column":58}},"locations":[{"start":{"line":92,"column":42},"end":{"line":92,"column":58}}]},"29":{"type":"branch","line":117,"loc":{"start":{"line":117,"column":2},"end":{"line":128,"column":3}},"locations":[{"start":{"line":117,"column":2},"end":{"line":128,"column":3}}]},"30":{"type":"branch","line":119,"loc":{"start":{"line":119,"column":6},"end":{"line":120,"column":97}},"locations":[{"start":{"line":119,"column":6},"end":{"line":120,"column":97}}]},"31":{"type":"branch","line":121,"loc":{"start":{"line":121,"column":6},"end":{"line":122,"column":100}},"locations":[{"start":{"line":121,"column":6},"end":{"line":122,"column":100}}]},"32":{"type":"branch","line":123,"loc":{"start":{"line":123,"column":6},"end":{"line":124,"column":96}},"locations":[{"start":{"line":123,"column":6},"end":{"line":124,"column":96}}]},"33":{"type":"branch","line":125,"loc":{"start":{"line":125,"column":6},"end":{"line":126,"column":93}},"locations":[{"start":{"line":125,"column":6},"end":{"line":126,"column":93}}]},"34":{"type":"branch","line":120,"loc":{"start":{"line":120,"column":62},"end":{"line":120,"column":94}},"locations":[{"start":{"line":120,"column":62},"end":{"line":120,"column":94}}]},"35":{"type":"branch","line":122,"loc":{"start":{"line":122,"column":62},"end":{"line":122,"column":97}},"locations":[{"start":{"line":122,"column":62},"end":{"line":122,"column":97}}]},"36":{"type":"branch","line":124,"loc":{"start":{"line":124,"column":62},"end":{"line":124,"column":93}},"locations":[{"start":{"line":124,"column":62},"end":{"line":124,"column":93}}]},"37":{"type":"branch","line":133,"loc":{"start":{"line":133,"column":2},"end":{"line":135,"column":3}},"locations":[{"start":{"line":133,"column":2},"end":{"line":135,"column":3}}]},"38":{"type":"branch","line":134,"loc":{"start":{"line":134,"column":28},"end":{"line":134,"column":56}},"locations":[{"start":{"line":134,"column":28},"end":{"line":134,"column":56}}]}},"b":{"0":[24],"1":[13],"2":[24],"3":[6],"4":[25],"5":[5],"6":[24],"7":[5],"8":[24],"9":[24],"10":[2],"11":[14],"12":[21],"13":[14],"14":[14],"15":[2],"16":[1],"17":[2],"18":[2],"19":[1],"20":[2],"21":[3],"22":[1],"23":[2],"24":[1],"25":[0],"26":[0],"27":[1],"28":[3],"29":[3],"30":[1],"31":[1],"32":[1],"33":[0],"34":[1],"35":[1],"36":[1],"37":[1],"38":[1]},"fnMap":{"0":{"name":"<instance_members_initializer>","decl":{"start":{"line":15,"column":11},"end":{"line":18,"column":24}},"loc":{"start":{"line":15,"column":11},"end":{"line":18,"column":24}},"line":15},"1":{"name":"get id","decl":{"start":{"line":15,"column":2},"end":{"line":15,"column":22}},"loc":{"start":{"line":15,"column":2},"end":{"line":15,"column":22}},"line":15},"2":{"name":"set id","decl":{"start":{"line":15,"column":2},"end":{"line":15,"column":22}},"loc":{"start":{"line":15,"column":2},"end":{"line":15,"column":22}},"line":15},"3":{"name":"get nombre","decl":{"start":{"line":16,"column":2},"end":{"line":16,"column":26}},"loc":{"start":{"line":16,"column":2},"end":{"line":16,"column":26}},"line":16},"4":{"name":"set nombre","decl":{"start":{"line":16,"column":2},"end":{"line":16,"column":26}},"loc":{"start":{"line":16,"column":2},"end":{"line":16,"column":26}},"line":16},"5":{"name":"get profesion","decl":{"start":{"line":17,"column":2},"end":{"line":17,"column":32}},"loc":{"start":{"line":17,"column":2},"end":{"line":17,"column":32}},"line":17},"6":{"name":"set profesion","decl":{"start":{"line":17,"column":2},"end":{"line":17,"column":32}},"loc":{"start":{"line":17,"column":2},"end":{"line":17,"column":32}},"line":17},"7":{"name":"get lugar","decl":{"start":{"line":18,"column":2},"end":{"line":18,"column":24}},"loc":{"start":{"line":18,"column":2},"end":{"line":18,"column":24}},"line":18},"8":{"name":"set lugar","decl":{"start":{"line":18,"column":2},"end":{"line":18,"column":24}},"loc":{"start":{"line":18,"column":2},"end":{"line":18,"column":24}},"line":18},"9":{"name":"Mercader","decl":{"start":{"line":27,"column":2},"end":{"line":32,"column":3}},"loc":{"start":{"line":27,"column":2},"end":{"line":32,"column":3}},"line":27},"10":{"name":"print","decl":{"start":{"line":37,"column":2},"end":{"line":44,"column":3}},"loc":{"start":{"line":37,"column":2},"end":{"line":44,"column":3}},"line":37},"11":{"name":"<instance_members_initializer>","decl":{"start":{"line":52,"column":11},"end":{"line":52,"column":34}},"loc":{"start":{"line":52,"column":11},"end":{"line":52,"column":34}},"line":52},"12":{"name":"get mercaderes","decl":{"start":{"line":52,"column":2},"end":{"line":52,"column":34}},"loc":{"start":{"line":52,"column":2},"end":{"line":52,"column":34}},"line":52},"13":{"name":"set mercaderes","decl":{"start":{"line":52,"column":2},"end":{"line":52,"column":34}},"loc":{"start":{"line":52,"column":2},"end":{"line":52,"column":34}},"line":52},"14":{"name":"ColeccionMercaderes","decl":{"start":{"line":58,"column":2},"end":{"line":60,"column":3}},"loc":{"start":{"line":58,"column":2},"end":{"line":60,"column":3}},"line":58},"15":{"name":"añadir","decl":{"start":{"line":66,"column":2},"end":{"line":71,"column":3}},"loc":{"start":{"line":66,"column":2},"end":{"line":71,"column":3}},"line":66},"16":{"name":"eliminar","decl":{"start":{"line":77,"column":2},"end":{"line":83,"column":3}},"loc":{"start":{"line":77,"column":2},"end":{"line":83,"column":3}},"line":77},"17":{"name":"modificar","decl":{"start":{"line":91,"column":2},"end":{"line":109,"column":3}},"loc":{"start":{"line":91,"column":2},"end":{"line":109,"column":3}},"line":91},"18":{"name":"buscar","decl":{"start":{"line":117,"column":2},"end":{"line":128,"column":3}},"loc":{"start":{"line":117,"column":2},"end":{"line":128,"column":3}},"line":117},"19":{"name":"print","decl":{"start":{"line":133,"column":2},"end":{"line":135,"column":3}},"loc":{"start":{"line":133,"column":2},"end":{"line":135,"column":3}},"line":133}},"f":{"0":24,"1":13,"2":24,"3":6,"4":25,"5":5,"6":24,"7":5,"8":24,"9":24,"10":2,"11":14,"12":21,"13":14,"14":14,"15":2,"16":2,"17":3,"18":3,"19":1}}
,"/home/usuario/DSI/prct07/src/transaccion.ts": {"path":"/home/usuario/DSI/prct07/src/transaccion.ts","all":true,"statementMap":{"7":{"start":{"line":8,"column":0},"end":{"line":8,"column":26}},"8":{"start":{"line":9,"column":0},"end":{"line":9,"column":22}},"9":{"start":{"line":10,"column":0},"end":{"line":10,"column":23}},"10":{"start":{"line":11,"column":0},"end":{"line":11,"column":51}},"11":{"start":{"line":12,"column":0},"end":{"line":12,"column":26}},"12":{"start":{"line":13,"column":0},"end":{"line":13,"column":28}},"13":{"start":{"line":14,"column":0},"end":{"line":14,"column":31}},"14":{"start":{"line":15,"column":0},"end":{"line":15,"column":25}},"25":{"start":{"line":26,"column":0},"end":{"line":26,"column":137}},"26":{"start":{"line":27,"column":0},"end":{"line":27,"column":17}},"27":{"start":{"line":28,"column":0},"end":{"line":28,"column":44}},"28":{"start":{"line":29,"column":0},"end":{"line":29,"column":21}},"29":{"start":{"line":30,"column":0},"end":{"line":30,"column":25}},"30":{"start":{"line":31,"column":0},"end":{"line":31,"column":23}},"31":{"start":{"line":32,"column":0},"end":{"line":32,"column":27}},"32":{"start":{"line":33,"column":0},"end":{"line":33,"column":29}},"33":{"start":{"line":34,"column":0},"end":{"line":34,"column":3}},"38":{"start":{"line":39,"column":0},"end":{"line":39,"column":17}},"39":{"start":{"line":40,"column":0},"end":{"line":40,"column":17}},"40":{"start":{"line":41,"column":0},"end":{"line":41,"column":33}},"41":{"start":{"line":42,"column":0},"end":{"line":42,"column":24}},"42":{"start":{"line":43,"column":0},"end":{"line":43,"column":47}},"43":{"start":{"line":44,"column":0},"end":{"line":44,"column":64}},"44":{"start":{"line":45,"column":0},"end":{"line":45,"column":34}},"45":{"start":{"line":46,"column":0},"end":{"line":46,"column":39}},"46":{"start":{"line":47,"column":0},"end":{"line":47,"column":42}},"47":{"start":{"line":48,"column":0},"end":{"line":48,"column":6}},"48":{"start":{"line":49,"column":0},"end":{"line":49,"column":3}},"49":{"start":{"line":50,"column":0},"end":{"line":50,"column":1}}},"s":{"7":0,"8":0,"9":0,"10":0,"11":0,"12":0,"13":0,"14":0,"25":0,"26":0,"27":0,"28":0,"29":0,"30":0,"31":0,"32":0,"33":0,"38":0,"39":0,"40":0,"41":0,"42":0,"43":0,"44":0,"45":0,"46":0,"47":0,"48":0,"49":0},"branchMap":{"0":{"type":"branch","line":1,"loc":{"start":{"line":1,"column":155},"end":{"line":50,"column":-222}},"locations":[{"start":{"line":1,"column":155},"end":{"line":50,"column":-222}}]}},"b":{"0":[1]},"fnMap":{"0":{"name":"(empty-report)","decl":{"start":{"line":1,"column":155},"end":{"line":50,"column":-222}},"loc":{"start":{"line":1,"column":155},"end":{"line":50,"column":-222}},"line":1}},"f":{"0":1}}
}
