{"/home/usuario/DSI/prct07/src/coleccion/coleccionBienes.ts": {"path":"/home/usuario/DSI/prct07/src/coleccion/coleccionBienes.ts","all":false,"statementMap":{"6":{"start":{"line":7,"column":0},"end":{"line":7,"column":57}},"7":{"start":{"line":8,"column":0},"end":{"line":8,"column":26}},"13":{"start":{"line":14,"column":0},"end":{"line":14,"column":36}},"14":{"start":{"line":15,"column":0},"end":{"line":15,"column":25}},"15":{"start":{"line":16,"column":0},"end":{"line":16,"column":3}},"21":{"start":{"line":22,"column":0},"end":{"line":22,"column":22}},"22":{"start":{"line":23,"column":0},"end":{"line":23,"column":50}},"23":{"start":{"line":24,"column":0},"end":{"line":24,"column":59}},"24":{"start":{"line":25,"column":0},"end":{"line":25,"column":5}},"25":{"start":{"line":26,"column":0},"end":{"line":26,"column":27}},"26":{"start":{"line":27,"column":0},"end":{"line":27,"column":3}},"32":{"start":{"line":33,"column":0},"end":{"line":33,"column":24}},"33":{"start":{"line":34,"column":0},"end":{"line":34,"column":62}},"34":{"start":{"line":35,"column":0},"end":{"line":35,"column":27}},"35":{"start":{"line":36,"column":0},"end":{"line":36,"column":54}},"36":{"start":{"line":37,"column":0},"end":{"line":37,"column":5}},"37":{"start":{"line":38,"column":0},"end":{"line":38,"column":37}},"38":{"start":{"line":39,"column":0},"end":{"line":39,"column":3}},"46":{"start":{"line":47,"column":0},"end":{"line":47,"column":55}},"47":{"start":{"line":48,"column":0},"end":{"line":48,"column":52}},"48":{"start":{"line":49,"column":0},"end":{"line":49,"column":16}},"49":{"start":{"line":50,"column":0},"end":{"line":50,"column":54}},"50":{"start":{"line":51,"column":0},"end":{"line":51,"column":5}},"51":{"start":{"line":52,"column":0},"end":{"line":52,"column":20}},"52":{"start":{"line":53,"column":0},"end":{"line":53,"column":20}},"53":{"start":{"line":54,"column":0},"end":{"line":54,"column":28}},"54":{"start":{"line":55,"column":0},"end":{"line":55,"column":14}},"55":{"start":{"line":56,"column":0},"end":{"line":56,"column":25}},"56":{"start":{"line":57,"column":0},"end":{"line":57,"column":33}},"57":{"start":{"line":58,"column":0},"end":{"line":58,"column":14}},"58":{"start":{"line":59,"column":0},"end":{"line":59,"column":22}},"59":{"start":{"line":60,"column":0},"end":{"line":60,"column":42}},"60":{"start":{"line":61,"column":0},"end":{"line":61,"column":14}},"61":{"start":{"line":62,"column":0},"end":{"line":62,"column":18}},"62":{"start":{"line":63,"column":0},"end":{"line":63,"column":34}},"63":{"start":{"line":64,"column":0},"end":{"line":64,"column":14}},"64":{"start":{"line":65,"column":0},"end":{"line":65,"column":19}},"65":{"start":{"line":66,"column":0},"end":{"line":66,"column":35}},"66":{"start":{"line":67,"column":0},"end":{"line":67,"column":14}},"67":{"start":{"line":68,"column":0},"end":{"line":68,"column":14}},"68":{"start":{"line":69,"column":0},"end":{"line":69,"column":61}},"69":{"start":{"line":70,"column":0},"end":{"line":70,"column":5}},"70":{"start":{"line":71,"column":0},"end":{"line":71,"column":3}},"77":{"start":{"line":78,"column":0},"end":{"line":78,"column":117}},"78":{"start":{"line":79,"column":0},"end":{"line":79,"column":23}},"79":{"start":{"line":80,"column":0},"end":{"line":80,"column":16}},"80":{"start":{"line":81,"column":0},"end":{"line":81,"column":84}},"81":{"start":{"line":82,"column":0},"end":{"line":82,"column":20}},"82":{"start":{"line":83,"column":0},"end":{"line":83,"column":86}},"83":{"start":{"line":84,"column":0},"end":{"line":84,"column":25}},"84":{"start":{"line":85,"column":0},"end":{"line":85,"column":91}},"85":{"start":{"line":86,"column":0},"end":{"line":86,"column":22}},"86":{"start":{"line":87,"column":0},"end":{"line":87,"column":94}},"87":{"start":{"line":88,"column":0},"end":{"line":88,"column":18}},"88":{"start":{"line":89,"column":0},"end":{"line":89,"column":86}},"89":{"start":{"line":90,"column":0},"end":{"line":90,"column":19}},"90":{"start":{"line":91,"column":0},"end":{"line":91,"column":87}},"91":{"start":{"line":92,"column":0},"end":{"line":92,"column":14}},"92":{"start":{"line":93,"column":0},"end":{"line":93,"column":62}},"93":{"start":{"line":94,"column":0},"end":{"line":94,"column":5}},"94":{"start":{"line":95,"column":0},"end":{"line":95,"column":3}},"101":{"start":{"line":102,"column":0},"end":{"line":102,"column":90}},"102":{"start":{"line":103,"column":0},"end":{"line":103,"column":61}},"103":{"start":{"line":104,"column":0},"end":{"line":104,"column":23}},"104":{"start":{"line":105,"column":0},"end":{"line":105,"column":44}},"105":{"start":{"line":106,"column":0},"end":{"line":106,"column":14}},"106":{"start":{"line":107,"column":0},"end":{"line":107,"column":44}},"107":{"start":{"line":108,"column":0},"end":{"line":108,"column":7}},"108":{"start":{"line":109,"column":0},"end":{"line":109,"column":8}},"109":{"start":{"line":110,"column":0},"end":{"line":110,"column":3}},"116":{"start":{"line":117,"column":0},"end":{"line":117,"column":89}},"117":{"start":{"line":118,"column":0},"end":{"line":118,"column":113}},"118":{"start":{"line":119,"column":0},"end":{"line":119,"column":3}},"123":{"start":{"line":124,"column":0},"end":{"line":124,"column":11}},"124":{"start":{"line":125,"column":0},"end":{"line":125,"column":41}},"125":{"start":{"line":126,"column":0},"end":{"line":126,"column":15}},"126":{"start":{"line":127,"column":0},"end":{"line":127,"column":23}},"127":{"start":{"line":128,"column":0},"end":{"line":128,"column":33}},"128":{"start":{"line":129,"column":0},"end":{"line":129,"column":27}},"129":{"start":{"line":130,"column":0},"end":{"line":130,"column":19}},"130":{"start":{"line":131,"column":0},"end":{"line":131,"column":20}},"131":{"start":{"line":132,"column":0},"end":{"line":132,"column":9}},"132":{"start":{"line":133,"column":0},"end":{"line":133,"column":3}},"133":{"start":{"line":134,"column":0},"end":{"line":134,"column":1}}},"s":{"6":1,"7":1,"13":1,"14":48,"15":48,"21":1,"22":3,"23":1,"24":1,"25":2,"26":3,"32":1,"33":2,"34":2,"35":1,"36":1,"37":1,"38":2,"46":1,"47":7,"48":7,"49":1,"50":1,"51":6,"52":7,"53":1,"54":1,"55":7,"56":1,"57":1,"58":7,"59":1,"60":1,"61":7,"62":1,"63":1,"64":7,"65":1,"66":1,"67":7,"68":1,"69":7,"70":7,"77":1,"78":7,"79":7,"80":1,"81":7,"82":1,"83":7,"84":1,"85":7,"86":1,"87":7,"88":1,"89":7,"90":1,"91":7,"92":1,"93":7,"94":7,"101":1,"102":4,"103":4,"104":2,"105":2,"106":2,"107":2,"108":4,"109":4,"116":1,"117":2,"118":2,"123":1,"124":2,"125":3,"126":3,"127":3,"128":3,"129":3,"130":3,"131":2,"132":2,"133":1},"branchMap":{"0":{"type":"branch","line":8,"loc":{"start":{"line":8,"column":11},"end":{"line":8,"column":26}},"locations":[{"start":{"line":8,"column":11},"end":{"line":8,"column":26}}]},"1":{"type":"branch","line":8,"loc":{"start":{"line":8,"column":2},"end":{"line":8,"column":26}},"locations":[{"start":{"line":8,"column":2},"end":{"line":8,"column":26}}]},"2":{"type":"branch","line":8,"loc":{"start":{"line":8,"column":2},"end":{"line":8,"column":26}},"locations":[{"start":{"line":8,"column":2},"end":{"line":8,"column":26}}]},"3":{"type":"branch","line":14,"loc":{"start":{"line":14,"column":2},"end":{"line":16,"column":3}},"locations":[{"start":{"line":14,"column":2},"end":{"line":16,"column":3}}]},"4":{"type":"branch","line":22,"loc":{"start":{"line":22,"column":2},"end":{"line":27,"column":3}},"locations":[{"start":{"line":22,"column":2},"end":{"line":27,"column":3}}]},"5":{"type":"branch","line":23,"loc":{"start":{"line":23,"column":49},"end":{"line":26,"column":27}},"locations":[{"start":{"line":23,"column":49},"end":{"line":26,"column":27}}]},"6":{"type":"branch","line":23,"loc":{"start":{"line":23,"column":49},"end":{"line":25,"column":5}},"locations":[{"start":{"line":23,"column":49},"end":{"line":25,"column":5}}]},"7":{"type":"branch","line":23,"loc":{"start":{"line":23,"column":25},"end":{"line":23,"column":46}},"locations":[{"start":{"line":23,"column":25},"end":{"line":23,"column":46}}]},"8":{"type":"branch","line":33,"loc":{"start":{"line":33,"column":2},"end":{"line":39,"column":3}},"locations":[{"start":{"line":33,"column":2},"end":{"line":39,"column":3}}]},"9":{"type":"branch","line":35,"loc":{"start":{"line":35,"column":26},"end":{"line":38,"column":37}},"locations":[{"start":{"line":35,"column":26},"end":{"line":38,"column":37}}]},"10":{"type":"branch","line":34,"loc":{"start":{"line":34,"column":44},"end":{"line":34,"column":60}},"locations":[{"start":{"line":34,"column":44},"end":{"line":34,"column":60}}]},"11":{"type":"branch","line":47,"loc":{"start":{"line":47,"column":2},"end":{"line":71,"column":3}},"locations":[{"start":{"line":47,"column":2},"end":{"line":71,"column":3}}]},"12":{"type":"branch","line":49,"loc":{"start":{"line":49,"column":15},"end":{"line":51,"column":5}},"locations":[{"start":{"line":49,"column":15},"end":{"line":51,"column":5}}]},"13":{"type":"branch","line":51,"loc":{"start":{"line":51,"column":4},"end":{"line":52,"column":20}},"locations":[{"start":{"line":51,"column":4},"end":{"line":52,"column":20}}]},"14":{"type":"branch","line":53,"loc":{"start":{"line":53,"column":6},"end":{"line":55,"column":14}},"locations":[{"start":{"line":53,"column":6},"end":{"line":55,"column":14}}]},"15":{"type":"branch","line":56,"loc":{"start":{"line":56,"column":6},"end":{"line":58,"column":14}},"locations":[{"start":{"line":56,"column":6},"end":{"line":58,"column":14}}]},"16":{"type":"branch","line":59,"loc":{"start":{"line":59,"column":6},"end":{"line":61,"column":14}},"locations":[{"start":{"line":59,"column":6},"end":{"line":61,"column":14}}]},"17":{"type":"branch","line":62,"loc":{"start":{"line":62,"column":6},"end":{"line":64,"column":14}},"locations":[{"start":{"line":62,"column":6},"end":{"line":64,"column":14}}]},"18":{"type":"branch","line":65,"loc":{"start":{"line":65,"column":6},"end":{"line":67,"column":14}},"locations":[{"start":{"line":65,"column":6},"end":{"line":67,"column":14}}]},"19":{"type":"branch","line":68,"loc":{"start":{"line":68,"column":6},"end":{"line":69,"column":61}},"locations":[{"start":{"line":68,"column":6},"end":{"line":69,"column":61}}]},"20":{"type":"branch","line":48,"loc":{"start":{"line":48,"column":34},"end":{"line":48,"column":50}},"locations":[{"start":{"line":48,"column":34},"end":{"line":48,"column":50}}]},"21":{"type":"branch","line":78,"loc":{"start":{"line":78,"column":2},"end":{"line":95,"column":3}},"locations":[{"start":{"line":78,"column":2},"end":{"line":95,"column":3}}]},"22":{"type":"branch","line":80,"loc":{"start":{"line":80,"column":6},"end":{"line":81,"column":84}},"locations":[{"start":{"line":80,"column":6},"end":{"line":81,"column":84}}]},"23":{"type":"branch","line":82,"loc":{"start":{"line":82,"column":6},"end":{"line":83,"column":86}},"locations":[{"start":{"line":82,"column":6},"end":{"line":83,"column":86}}]},"24":{"type":"branch","line":84,"loc":{"start":{"line":84,"column":6},"end":{"line":85,"column":91}},"locations":[{"start":{"line":84,"column":6},"end":{"line":85,"column":91}}]},"25":{"type":"branch","line":86,"loc":{"start":{"line":86,"column":6},"end":{"line":87,"column":94}},"locations":[{"start":{"line":86,"column":6},"end":{"line":87,"column":94}}]},"26":{"type":"branch","line":88,"loc":{"start":{"line":88,"column":6},"end":{"line":89,"column":86}},"locations":[{"start":{"line":88,"column":6},"end":{"line":89,"column":86}}]},"27":{"type":"branch","line":90,"loc":{"start":{"line":90,"column":6},"end":{"line":91,"column":87}},"locations":[{"start":{"line":90,"column":6},"end":{"line":91,"column":87}}]},"28":{"type":"branch","line":92,"loc":{"start":{"line":92,"column":6},"end":{"line":93,"column":62}},"locations":[{"start":{"line":92,"column":6},"end":{"line":93,"column":62}}]},"29":{"type":"branch","line":81,"loc":{"start":{"line":81,"column":54},"end":{"line":81,"column":81}},"locations":[{"start":{"line":81,"column":54},"end":{"line":81,"column":81}}]},"30":{"type":"branch","line":83,"loc":{"start":{"line":83,"column":54},"end":{"line":83,"column":83}},"locations":[{"start":{"line":83,"column":54},"end":{"line":83,"column":83}}]},"31":{"type":"branch","line":85,"loc":{"start":{"line":85,"column":54},"end":{"line":85,"column":88}},"locations":[{"start":{"line":85,"column":54},"end":{"line":85,"column":88}}]},"32":{"type":"branch","line":87,"loc":{"start":{"line":87,"column":54},"end":{"line":87,"column":91}},"locations":[{"start":{"line":87,"column":54},"end":{"line":87,"column":91}}]},"33":{"type":"branch","line":89,"loc":{"start":{"line":89,"column":54},"end":{"line":89,"column":83}},"locations":[{"start":{"line":89,"column":54},"end":{"line":89,"column":83}}]},"34":{"type":"branch","line":91,"loc":{"start":{"line":91,"column":54},"end":{"line":91,"column":84}},"locations":[{"start":{"line":91,"column":54},"end":{"line":91,"column":84}}]},"35":{"type":"branch","line":102,"loc":{"start":{"line":102,"column":2},"end":{"line":110,"column":3}},"locations":[{"start":{"line":102,"column":2},"end":{"line":110,"column":3}}]},"36":{"type":"branch","line":103,"loc":{"start":{"line":103,"column":50},"end":{"line":109,"column":5}},"locations":[{"start":{"line":103,"column":50},"end":{"line":109,"column":5}}]},"37":{"type":"branch","line":104,"loc":{"start":{"line":104,"column":22},"end":{"line":108,"column":7}},"locations":[{"start":{"line":104,"column":22},"end":{"line":108,"column":7}}]},"38":{"type":"branch","line":105,"loc":{"start":{"line":105,"column":28},"end":{"line":105,"column":41}},"locations":[{"start":{"line":105,"column":28},"end":{"line":105,"column":41}}]},"39":{"type":"branch","line":105,"loc":{"start":{"line":105,"column":37},"end":{"line":105,"column":44}},"locations":[{"start":{"line":105,"column":37},"end":{"line":105,"column":44}}]},"40":{"type":"branch","line":107,"loc":{"start":{"line":107,"column":28},"end":{"line":107,"column":41}},"locations":[{"start":{"line":107,"column":28},"end":{"line":107,"column":41}}]},"41":{"type":"branch","line":107,"loc":{"start":{"line":107,"column":37},"end":{"line":107,"column":44}},"locations":[{"start":{"line":107,"column":37},"end":{"line":107,"column":44}}]},"42":{"type":"branch","line":117,"loc":{"start":{"line":117,"column":2},"end":{"line":119,"column":3}},"locations":[{"start":{"line":117,"column":2},"end":{"line":119,"column":3}}]},"43":{"type":"branch","line":118,"loc":{"start":{"line":118,"column":50},"end":{"line":118,"column":110}},"locations":[{"start":{"line":118,"column":50},"end":{"line":118,"column":110}}]},"44":{"type":"branch","line":118,"loc":{"start":{"line":118,"column":60},"end":{"line":118,"column":93}},"locations":[{"start":{"line":118,"column":60},"end":{"line":118,"column":93}}]},"45":{"type":"branch","line":118,"loc":{"start":{"line":118,"column":85},"end":{"line":118,"column":110}},"locations":[{"start":{"line":118,"column":85},"end":{"line":118,"column":110}}]},"46":{"type":"branch","line":124,"loc":{"start":{"line":124,"column":2},"end":{"line":133,"column":3}},"locations":[{"start":{"line":124,"column":2},"end":{"line":133,"column":3}}]},"47":{"type":"branch","line":125,"loc":{"start":{"line":125,"column":34},"end":{"line":132,"column":6}},"locations":[{"start":{"line":125,"column":34},"end":{"line":132,"column":6}}]}},"b":{"0":[48],"1":[375],"2":[49],"3":[48],"4":[3],"5":[2],"6":[1],"7":[1],"8":[2],"9":[1],"10":[1],"11":[7],"12":[1],"13":[6],"14":[1],"15":[1],"16":[1],"17":[1],"18":[1],"19":[1],"20":[6],"21":[7],"22":[1],"23":[1],"24":[1],"25":[1],"26":[1],"27":[1],"28":[1],"29":[1],"30":[1],"31":[1],"32":[1],"33":[1],"34":[1],"35":[4],"36":[4],"37":[2],"38":[1],"39":[1],"40":[1],"41":[1],"42":[2],"43":[2],"44":[1],"45":[1],"46":[2],"47":[3]},"fnMap":{"0":{"name":"<instance_members_initializer>","decl":{"start":{"line":8,"column":11},"end":{"line":8,"column":26}},"loc":{"start":{"line":8,"column":11},"end":{"line":8,"column":26}},"line":8},"1":{"name":"get bienes","decl":{"start":{"line":8,"column":2},"end":{"line":8,"column":26}},"loc":{"start":{"line":8,"column":2},"end":{"line":8,"column":26}},"line":8},"2":{"name":"set bienes","decl":{"start":{"line":8,"column":2},"end":{"line":8,"column":26}},"loc":{"start":{"line":8,"column":2},"end":{"line":8,"column":26}},"line":8},"3":{"name":"ColeccionBienes","decl":{"start":{"line":14,"column":2},"end":{"line":16,"column":3}},"loc":{"start":{"line":14,"column":2},"end":{"line":16,"column":3}},"line":14},"4":{"name":"añadir","decl":{"start":{"line":22,"column":2},"end":{"line":27,"column":3}},"loc":{"start":{"line":22,"column":2},"end":{"line":27,"column":3}},"line":22},"5":{"name":"eliminar","decl":{"start":{"line":33,"column":2},"end":{"line":39,"column":3}},"loc":{"start":{"line":33,"column":2},"end":{"line":39,"column":3}},"line":33},"6":{"name":"modificar","decl":{"start":{"line":47,"column":2},"end":{"line":71,"column":3}},"loc":{"start":{"line":47,"column":2},"end":{"line":71,"column":3}},"line":47},"7":{"name":"buscar","decl":{"start":{"line":78,"column":2},"end":{"line":95,"column":3}},"loc":{"start":{"line":78,"column":2},"end":{"line":95,"column":3}},"line":78},"8":{"name":"ordenarPorNombre","decl":{"start":{"line":102,"column":2},"end":{"line":110,"column":3}},"loc":{"start":{"line":102,"column":2},"end":{"line":110,"column":3}},"line":102},"9":{"name":"ordenarPorValor","decl":{"start":{"line":117,"column":2},"end":{"line":119,"column":3}},"loc":{"start":{"line":117,"column":2},"end":{"line":119,"column":3}},"line":117},"10":{"name":"print","decl":{"start":{"line":124,"column":2},"end":{"line":133,"column":3}},"loc":{"start":{"line":124,"column":2},"end":{"line":133,"column":3}},"line":124}},"f":{"0":48,"1":375,"2":49,"3":48,"4":3,"5":2,"6":7,"7":7,"8":4,"9":2,"10":2}}
,"/home/usuario/DSI/prct07/src/coleccion/coleccionClientes.ts": {"path":"/home/usuario/DSI/prct07/src/coleccion/coleccionClientes.ts","all":false,"statementMap":{"7":{"start":{"line":8,"column":0},"end":{"line":8,"column":62}},"8":{"start":{"line":9,"column":0},"end":{"line":9,"column":30}},"14":{"start":{"line":15,"column":0},"end":{"line":15,"column":41}},"15":{"start":{"line":16,"column":0},"end":{"line":16,"column":28}},"16":{"start":{"line":17,"column":0},"end":{"line":17,"column":3}},"22":{"start":{"line":23,"column":0},"end":{"line":23,"column":34}},"23":{"start":{"line":24,"column":0},"end":{"line":24,"column":55}},"24":{"start":{"line":25,"column":0},"end":{"line":25,"column":65}},"25":{"start":{"line":26,"column":0},"end":{"line":26,"column":5}},"26":{"start":{"line":27,"column":0},"end":{"line":27,"column":31}},"27":{"start":{"line":28,"column":0},"end":{"line":28,"column":3}},"33":{"start":{"line":34,"column":0},"end":{"line":34,"column":30}},"34":{"start":{"line":35,"column":0},"end":{"line":35,"column":67}},"35":{"start":{"line":36,"column":0},"end":{"line":36,"column":30}},"36":{"start":{"line":37,"column":0},"end":{"line":37,"column":57}},"37":{"start":{"line":38,"column":0},"end":{"line":38,"column":5}},"38":{"start":{"line":39,"column":0},"end":{"line":39,"column":42}},"39":{"start":{"line":40,"column":0},"end":{"line":40,"column":3}},"47":{"start":{"line":48,"column":0},"end":{"line":48,"column":61}},"48":{"start":{"line":49,"column":0},"end":{"line":49,"column":57}},"49":{"start":{"line":50,"column":0},"end":{"line":50,"column":19}},"50":{"start":{"line":51,"column":0},"end":{"line":51,"column":57}},"51":{"start":{"line":52,"column":0},"end":{"line":52,"column":5}},"52":{"start":{"line":53,"column":0},"end":{"line":53,"column":20}},"53":{"start":{"line":54,"column":0},"end":{"line":54,"column":20}},"54":{"start":{"line":55,"column":0},"end":{"line":55,"column":31}},"55":{"start":{"line":56,"column":0},"end":{"line":56,"column":14}},"56":{"start":{"line":57,"column":0},"end":{"line":57,"column":18}},"57":{"start":{"line":58,"column":0},"end":{"line":58,"column":37}},"58":{"start":{"line":59,"column":0},"end":{"line":59,"column":14}},"59":{"start":{"line":60,"column":0},"end":{"line":60,"column":19}},"60":{"start":{"line":61,"column":0},"end":{"line":61,"column":39}},"61":{"start":{"line":62,"column":0},"end":{"line":62,"column":14}},"62":{"start":{"line":63,"column":0},"end":{"line":63,"column":14}},"63":{"start":{"line":64,"column":0},"end":{"line":64,"column":64}},"64":{"start":{"line":65,"column":0},"end":{"line":65,"column":5}},"65":{"start":{"line":66,"column":0},"end":{"line":66,"column":3}},"73":{"start":{"line":74,"column":0},"end":{"line":74,"column":90}},"74":{"start":{"line":75,"column":0},"end":{"line":75,"column":20}},"75":{"start":{"line":76,"column":0},"end":{"line":76,"column":16}},"76":{"start":{"line":77,"column":0},"end":{"line":77,"column":91}},"77":{"start":{"line":78,"column":0},"end":{"line":78,"column":20}},"78":{"start":{"line":79,"column":0},"end":{"line":79,"column":93}},"79":{"start":{"line":80,"column":0},"end":{"line":80,"column":18}},"80":{"start":{"line":81,"column":0},"end":{"line":81,"column":85}},"81":{"start":{"line":82,"column":0},"end":{"line":82,"column":19}},"82":{"start":{"line":83,"column":0},"end":{"line":83,"column":86}},"83":{"start":{"line":84,"column":0},"end":{"line":84,"column":14}},"84":{"start":{"line":85,"column":0},"end":{"line":85,"column":93}},"85":{"start":{"line":86,"column":0},"end":{"line":86,"column":5}},"86":{"start":{"line":87,"column":0},"end":{"line":87,"column":3}},"91":{"start":{"line":92,"column":0},"end":{"line":92,"column":11}},"92":{"start":{"line":93,"column":0},"end":{"line":93,"column":43}},"93":{"start":{"line":94,"column":0},"end":{"line":94,"column":15}},"94":{"start":{"line":95,"column":0},"end":{"line":95,"column":23}},"95":{"start":{"line":96,"column":0},"end":{"line":96,"column":19}},"96":{"start":{"line":97,"column":0},"end":{"line":97,"column":20}},"97":{"start":{"line":98,"column":0},"end":{"line":98,"column":9}},"98":{"start":{"line":99,"column":0},"end":{"line":99,"column":3}},"99":{"start":{"line":100,"column":0},"end":{"line":100,"column":1}}},"s":{"7":1,"8":1,"14":1,"15":26,"16":26,"22":1,"23":2,"24":1,"25":1,"26":1,"27":2,"33":1,"34":2,"35":2,"36":1,"37":1,"38":1,"39":2,"47":1,"48":5,"49":5,"50":1,"51":1,"52":4,"53":5,"54":1,"55":1,"56":5,"57":1,"58":1,"59":5,"60":1,"61":1,"62":5,"63":1,"64":5,"65":5,"73":1,"74":5,"75":5,"76":1,"77":5,"78":1,"79":5,"80":1,"81":5,"82":1,"83":5,"84":1,"85":5,"86":5,"91":1,"92":1,"93":1,"94":1,"95":1,"96":1,"97":1,"98":1,"99":1},"branchMap":{"0":{"type":"branch","line":9,"loc":{"start":{"line":9,"column":11},"end":{"line":9,"column":30}},"locations":[{"start":{"line":9,"column":11},"end":{"line":9,"column":30}}]},"1":{"type":"branch","line":9,"loc":{"start":{"line":9,"column":2},"end":{"line":9,"column":30}},"locations":[{"start":{"line":9,"column":2},"end":{"line":9,"column":30}}]},"2":{"type":"branch","line":9,"loc":{"start":{"line":9,"column":2},"end":{"line":9,"column":30}},"locations":[{"start":{"line":9,"column":2},"end":{"line":9,"column":30}}]},"3":{"type":"branch","line":15,"loc":{"start":{"line":15,"column":2},"end":{"line":17,"column":3}},"locations":[{"start":{"line":15,"column":2},"end":{"line":17,"column":3}}]},"4":{"type":"branch","line":23,"loc":{"start":{"line":23,"column":2},"end":{"line":28,"column":3}},"locations":[{"start":{"line":23,"column":2},"end":{"line":28,"column":3}}]},"5":{"type":"branch","line":24,"loc":{"start":{"line":24,"column":54},"end":{"line":27,"column":31}},"locations":[{"start":{"line":24,"column":54},"end":{"line":27,"column":31}}]},"6":{"type":"branch","line":24,"loc":{"start":{"line":24,"column":27},"end":{"line":24,"column":51}},"locations":[{"start":{"line":24,"column":27},"end":{"line":24,"column":51}}]},"7":{"type":"branch","line":34,"loc":{"start":{"line":34,"column":2},"end":{"line":40,"column":3}},"locations":[{"start":{"line":34,"column":2},"end":{"line":40,"column":3}}]},"8":{"type":"branch","line":36,"loc":{"start":{"line":36,"column":29},"end":{"line":39,"column":42}},"locations":[{"start":{"line":36,"column":29},"end":{"line":39,"column":42}}]},"9":{"type":"branch","line":35,"loc":{"start":{"line":35,"column":49},"end":{"line":35,"column":65}},"locations":[{"start":{"line":35,"column":49},"end":{"line":35,"column":65}}]},"10":{"type":"branch","line":48,"loc":{"start":{"line":48,"column":2},"end":{"line":66,"column":3}},"locations":[{"start":{"line":48,"column":2},"end":{"line":66,"column":3}}]},"11":{"type":"branch","line":50,"loc":{"start":{"line":50,"column":18},"end":{"line":52,"column":5}},"locations":[{"start":{"line":50,"column":18},"end":{"line":52,"column":5}}]},"12":{"type":"branch","line":52,"loc":{"start":{"line":52,"column":4},"end":{"line":53,"column":20}},"locations":[{"start":{"line":52,"column":4},"end":{"line":53,"column":20}}]},"13":{"type":"branch","line":54,"loc":{"start":{"line":54,"column":6},"end":{"line":56,"column":14}},"locations":[{"start":{"line":54,"column":6},"end":{"line":56,"column":14}}]},"14":{"type":"branch","line":57,"loc":{"start":{"line":57,"column":6},"end":{"line":59,"column":14}},"locations":[{"start":{"line":57,"column":6},"end":{"line":59,"column":14}}]},"15":{"type":"branch","line":60,"loc":{"start":{"line":60,"column":6},"end":{"line":62,"column":14}},"locations":[{"start":{"line":60,"column":6},"end":{"line":62,"column":14}}]},"16":{"type":"branch","line":63,"loc":{"start":{"line":63,"column":6},"end":{"line":64,"column":64}},"locations":[{"start":{"line":63,"column":6},"end":{"line":64,"column":64}}]},"17":{"type":"branch","line":49,"loc":{"start":{"line":49,"column":39},"end":{"line":49,"column":55}},"locations":[{"start":{"line":49,"column":39},"end":{"line":49,"column":55}}]},"18":{"type":"branch","line":74,"loc":{"start":{"line":74,"column":2},"end":{"line":87,"column":3}},"locations":[{"start":{"line":74,"column":2},"end":{"line":87,"column":3}}]},"19":{"type":"branch","line":76,"loc":{"start":{"line":76,"column":6},"end":{"line":77,"column":91}},"locations":[{"start":{"line":76,"column":6},"end":{"line":77,"column":91}}]},"20":{"type":"branch","line":78,"loc":{"start":{"line":78,"column":6},"end":{"line":79,"column":93}},"locations":[{"start":{"line":78,"column":6},"end":{"line":79,"column":93}}]},"21":{"type":"branch","line":80,"loc":{"start":{"line":80,"column":6},"end":{"line":81,"column":85}},"locations":[{"start":{"line":80,"column":6},"end":{"line":81,"column":85}}]},"22":{"type":"branch","line":82,"loc":{"start":{"line":82,"column":6},"end":{"line":83,"column":86}},"locations":[{"start":{"line":82,"column":6},"end":{"line":83,"column":86}}]},"23":{"type":"branch","line":84,"loc":{"start":{"line":84,"column":6},"end":{"line":85,"column":93}},"locations":[{"start":{"line":84,"column":6},"end":{"line":85,"column":93}}]},"24":{"type":"branch","line":77,"loc":{"start":{"line":77,"column":58},"end":{"line":77,"column":88}},"locations":[{"start":{"line":77,"column":58},"end":{"line":77,"column":88}}]},"25":{"type":"branch","line":79,"loc":{"start":{"line":79,"column":58},"end":{"line":79,"column":90}},"locations":[{"start":{"line":79,"column":58},"end":{"line":79,"column":90}}]},"26":{"type":"branch","line":81,"loc":{"start":{"line":81,"column":58},"end":{"line":81,"column":82}},"locations":[{"start":{"line":81,"column":58},"end":{"line":81,"column":82}}]},"27":{"type":"branch","line":83,"loc":{"start":{"line":83,"column":58},"end":{"line":83,"column":83}},"locations":[{"start":{"line":83,"column":58},"end":{"line":83,"column":83}}]},"28":{"type":"branch","line":92,"loc":{"start":{"line":92,"column":2},"end":{"line":99,"column":3}},"locations":[{"start":{"line":92,"column":2},"end":{"line":99,"column":3}}]},"29":{"type":"branch","line":93,"loc":{"start":{"line":93,"column":36},"end":{"line":98,"column":6}},"locations":[{"start":{"line":93,"column":36},"end":{"line":98,"column":6}}]}},"b":{"0":[26],"1":[156],"2":[26],"3":[26],"4":[2],"5":[1],"6":[2],"7":[2],"8":[1],"9":[2],"10":[5],"11":[1],"12":[4],"13":[1],"14":[1],"15":[1],"16":[1],"17":[5],"18":[5],"19":[1],"20":[1],"21":[1],"22":[1],"23":[1],"24":[1],"25":[1],"26":[1],"27":[1],"28":[1],"29":[1]},"fnMap":{"0":{"name":"<instance_members_initializer>","decl":{"start":{"line":9,"column":11},"end":{"line":9,"column":30}},"loc":{"start":{"line":9,"column":11},"end":{"line":9,"column":30}},"line":9},"1":{"name":"get clientes","decl":{"start":{"line":9,"column":2},"end":{"line":9,"column":30}},"loc":{"start":{"line":9,"column":2},"end":{"line":9,"column":30}},"line":9},"2":{"name":"set clientes","decl":{"start":{"line":9,"column":2},"end":{"line":9,"column":30}},"loc":{"start":{"line":9,"column":2},"end":{"line":9,"column":30}},"line":9},"3":{"name":"ColeccionClientes","decl":{"start":{"line":15,"column":2},"end":{"line":17,"column":3}},"loc":{"start":{"line":15,"column":2},"end":{"line":17,"column":3}},"line":15},"4":{"name":"añadir","decl":{"start":{"line":23,"column":2},"end":{"line":28,"column":3}},"loc":{"start":{"line":23,"column":2},"end":{"line":28,"column":3}},"line":23},"5":{"name":"eliminar","decl":{"start":{"line":34,"column":2},"end":{"line":40,"column":3}},"loc":{"start":{"line":34,"column":2},"end":{"line":40,"column":3}},"line":34},"6":{"name":"modificar","decl":{"start":{"line":48,"column":2},"end":{"line":66,"column":3}},"loc":{"start":{"line":48,"column":2},"end":{"line":66,"column":3}},"line":48},"7":{"name":"buscar","decl":{"start":{"line":74,"column":2},"end":{"line":87,"column":3}},"loc":{"start":{"line":74,"column":2},"end":{"line":87,"column":3}},"line":74},"8":{"name":"print","decl":{"start":{"line":92,"column":2},"end":{"line":99,"column":3}},"loc":{"start":{"line":92,"column":2},"end":{"line":99,"column":3}},"line":92}},"f":{"0":26,"1":156,"2":26,"3":26,"4":2,"5":2,"6":5,"7":5,"8":1}}
,"/home/usuario/DSI/prct07/src/coleccion/coleccionMercaderes.ts": {"path":"/home/usuario/DSI/prct07/src/coleccion/coleccionMercaderes.ts","all":false,"statementMap":{"6":{"start":{"line":7,"column":0},"end":{"line":7,"column":65}},"7":{"start":{"line":8,"column":0},"end":{"line":8,"column":34}},"13":{"start":{"line":14,"column":0},"end":{"line":14,"column":44}},"14":{"start":{"line":15,"column":0},"end":{"line":15,"column":33}},"15":{"start":{"line":16,"column":0},"end":{"line":16,"column":3}},"21":{"start":{"line":22,"column":0},"end":{"line":22,"column":36}},"22":{"start":{"line":23,"column":0},"end":{"line":23,"column":58}},"23":{"start":{"line":24,"column":0},"end":{"line":24,"column":67}},"24":{"start":{"line":25,"column":0},"end":{"line":25,"column":5}},"25":{"start":{"line":26,"column":0},"end":{"line":26,"column":35}},"26":{"start":{"line":27,"column":0},"end":{"line":27,"column":3}},"32":{"start":{"line":33,"column":0},"end":{"line":33,"column":30}},"33":{"start":{"line":34,"column":0},"end":{"line":34,"column":70}},"34":{"start":{"line":35,"column":0},"end":{"line":35,"column":31}},"35":{"start":{"line":36,"column":0},"end":{"line":36,"column":58}},"36":{"start":{"line":37,"column":0},"end":{"line":37,"column":5}},"37":{"start":{"line":38,"column":0},"end":{"line":38,"column":45}},"38":{"start":{"line":39,"column":0},"end":{"line":39,"column":3}},"46":{"start":{"line":47,"column":0},"end":{"line":47,"column":61}},"47":{"start":{"line":48,"column":0},"end":{"line":48,"column":60}},"48":{"start":{"line":49,"column":0},"end":{"line":49,"column":20}},"49":{"start":{"line":50,"column":0},"end":{"line":50,"column":58}},"50":{"start":{"line":51,"column":0},"end":{"line":51,"column":5}},"51":{"start":{"line":52,"column":0},"end":{"line":52,"column":20}},"52":{"start":{"line":53,"column":0},"end":{"line":53,"column":20}},"53":{"start":{"line":54,"column":0},"end":{"line":54,"column":32}},"54":{"start":{"line":55,"column":0},"end":{"line":55,"column":14}},"55":{"start":{"line":56,"column":0},"end":{"line":56,"column":23}},"56":{"start":{"line":57,"column":0},"end":{"line":57,"column":48}},"57":{"start":{"line":58,"column":0},"end":{"line":58,"column":14}},"58":{"start":{"line":59,"column":0},"end":{"line":59,"column":19}},"59":{"start":{"line":60,"column":0},"end":{"line":60,"column":40}},"60":{"start":{"line":61,"column":0},"end":{"line":61,"column":14}},"61":{"start":{"line":62,"column":0},"end":{"line":62,"column":14}},"62":{"start":{"line":63,"column":0},"end":{"line":63,"column":65}},"63":{"start":{"line":64,"column":0},"end":{"line":64,"column":5}},"64":{"start":{"line":65,"column":0},"end":{"line":65,"column":3}},"72":{"start":{"line":73,"column":0},"end":{"line":73,"column":97}},"73":{"start":{"line":74,"column":0},"end":{"line":74,"column":20}},"74":{"start":{"line":75,"column":0},"end":{"line":75,"column":16}},"75":{"start":{"line":76,"column":0},"end":{"line":76,"column":104}},"76":{"start":{"line":77,"column":0},"end":{"line":77,"column":20}},"77":{"start":{"line":78,"column":0},"end":{"line":78,"column":97}},"78":{"start":{"line":79,"column":0},"end":{"line":79,"column":23}},"79":{"start":{"line":80,"column":0},"end":{"line":80,"column":100}},"80":{"start":{"line":81,"column":0},"end":{"line":81,"column":19}},"81":{"start":{"line":82,"column":0},"end":{"line":82,"column":96}},"82":{"start":{"line":83,"column":0},"end":{"line":83,"column":14}},"83":{"start":{"line":84,"column":0},"end":{"line":84,"column":93}},"84":{"start":{"line":85,"column":0},"end":{"line":85,"column":5}},"85":{"start":{"line":86,"column":0},"end":{"line":86,"column":3}},"90":{"start":{"line":91,"column":0},"end":{"line":91,"column":11}},"91":{"start":{"line":92,"column":0},"end":{"line":92,"column":45}},"92":{"start":{"line":93,"column":0},"end":{"line":93,"column":15}},"93":{"start":{"line":94,"column":0},"end":{"line":94,"column":23}},"94":{"start":{"line":95,"column":0},"end":{"line":95,"column":29}},"95":{"start":{"line":96,"column":0},"end":{"line":96,"column":20}},"96":{"start":{"line":97,"column":0},"end":{"line":97,"column":9}},"97":{"start":{"line":98,"column":0},"end":{"line":98,"column":3}},"98":{"start":{"line":99,"column":0},"end":{"line":99,"column":1}}},"s":{"6":1,"7":1,"13":1,"14":25,"15":25,"21":1,"22":2,"23":1,"24":1,"25":1,"26":2,"32":1,"33":2,"34":2,"35":1,"36":1,"37":1,"38":2,"46":1,"47":5,"48":5,"49":1,"50":1,"51":4,"52":5,"53":1,"54":1,"55":5,"56":1,"57":1,"58":5,"59":1,"60":1,"61":5,"62":1,"63":5,"64":5,"72":1,"73":5,"74":5,"75":1,"76":5,"77":1,"78":5,"79":1,"80":5,"81":1,"82":5,"83":1,"84":5,"85":5,"90":1,"91":1,"92":1,"93":1,"94":1,"95":1,"96":1,"97":1,"98":1},"branchMap":{"0":{"type":"branch","line":8,"loc":{"start":{"line":8,"column":11},"end":{"line":8,"column":34}},"locations":[{"start":{"line":8,"column":11},"end":{"line":8,"column":34}}]},"1":{"type":"branch","line":8,"loc":{"start":{"line":8,"column":2},"end":{"line":8,"column":34}},"locations":[{"start":{"line":8,"column":2},"end":{"line":8,"column":34}}]},"2":{"type":"branch","line":8,"loc":{"start":{"line":8,"column":2},"end":{"line":8,"column":34}},"locations":[{"start":{"line":8,"column":2},"end":{"line":8,"column":34}}]},"3":{"type":"branch","line":14,"loc":{"start":{"line":14,"column":2},"end":{"line":16,"column":3}},"locations":[{"start":{"line":14,"column":2},"end":{"line":16,"column":3}}]},"4":{"type":"branch","line":22,"loc":{"start":{"line":22,"column":2},"end":{"line":27,"column":3}},"locations":[{"start":{"line":22,"column":2},"end":{"line":27,"column":3}}]},"5":{"type":"branch","line":23,"loc":{"start":{"line":23,"column":57},"end":{"line":26,"column":35}},"locations":[{"start":{"line":23,"column":57},"end":{"line":26,"column":35}}]},"6":{"type":"branch","line":23,"loc":{"start":{"line":23,"column":29},"end":{"line":23,"column":54}},"locations":[{"start":{"line":23,"column":29},"end":{"line":23,"column":54}}]},"7":{"type":"branch","line":33,"loc":{"start":{"line":33,"column":2},"end":{"line":39,"column":3}},"locations":[{"start":{"line":33,"column":2},"end":{"line":39,"column":3}}]},"8":{"type":"branch","line":35,"loc":{"start":{"line":35,"column":30},"end":{"line":38,"column":45}},"locations":[{"start":{"line":35,"column":30},"end":{"line":38,"column":45}}]},"9":{"type":"branch","line":34,"loc":{"start":{"line":34,"column":52},"end":{"line":34,"column":68}},"locations":[{"start":{"line":34,"column":52},"end":{"line":34,"column":68}}]},"10":{"type":"branch","line":47,"loc":{"start":{"line":47,"column":2},"end":{"line":65,"column":3}},"locations":[{"start":{"line":47,"column":2},"end":{"line":65,"column":3}}]},"11":{"type":"branch","line":49,"loc":{"start":{"line":49,"column":19},"end":{"line":51,"column":5}},"locations":[{"start":{"line":49,"column":19},"end":{"line":51,"column":5}}]},"12":{"type":"branch","line":51,"loc":{"start":{"line":51,"column":4},"end":{"line":52,"column":20}},"locations":[{"start":{"line":51,"column":4},"end":{"line":52,"column":20}}]},"13":{"type":"branch","line":53,"loc":{"start":{"line":53,"column":6},"end":{"line":55,"column":14}},"locations":[{"start":{"line":53,"column":6},"end":{"line":55,"column":14}}]},"14":{"type":"branch","line":56,"loc":{"start":{"line":56,"column":6},"end":{"line":58,"column":14}},"locations":[{"start":{"line":56,"column":6},"end":{"line":58,"column":14}}]},"15":{"type":"branch","line":59,"loc":{"start":{"line":59,"column":6},"end":{"line":61,"column":14}},"locations":[{"start":{"line":59,"column":6},"end":{"line":61,"column":14}}]},"16":{"type":"branch","line":62,"loc":{"start":{"line":62,"column":6},"end":{"line":63,"column":65}},"locations":[{"start":{"line":62,"column":6},"end":{"line":63,"column":65}}]},"17":{"type":"branch","line":48,"loc":{"start":{"line":48,"column":42},"end":{"line":48,"column":58}},"locations":[{"start":{"line":48,"column":42},"end":{"line":48,"column":58}}]},"18":{"type":"branch","line":73,"loc":{"start":{"line":73,"column":2},"end":{"line":86,"column":3}},"locations":[{"start":{"line":73,"column":2},"end":{"line":86,"column":3}}]},"19":{"type":"branch","line":75,"loc":{"start":{"line":75,"column":6},"end":{"line":76,"column":104}},"locations":[{"start":{"line":75,"column":6},"end":{"line":76,"column":104}}]},"20":{"type":"branch","line":77,"loc":{"start":{"line":77,"column":6},"end":{"line":78,"column":97}},"locations":[{"start":{"line":77,"column":6},"end":{"line":78,"column":97}}]},"21":{"type":"branch","line":79,"loc":{"start":{"line":79,"column":6},"end":{"line":80,"column":100}},"locations":[{"start":{"line":79,"column":6},"end":{"line":80,"column":100}}]},"22":{"type":"branch","line":81,"loc":{"start":{"line":81,"column":6},"end":{"line":82,"column":96}},"locations":[{"start":{"line":81,"column":6},"end":{"line":82,"column":96}}]},"23":{"type":"branch","line":83,"loc":{"start":{"line":83,"column":6},"end":{"line":84,"column":93}},"locations":[{"start":{"line":83,"column":6},"end":{"line":84,"column":93}}]},"24":{"type":"branch","line":76,"loc":{"start":{"line":76,"column":62},"end":{"line":76,"column":101}},"locations":[{"start":{"line":76,"column":62},"end":{"line":76,"column":101}}]},"25":{"type":"branch","line":78,"loc":{"start":{"line":78,"column":62},"end":{"line":78,"column":94}},"locations":[{"start":{"line":78,"column":62},"end":{"line":78,"column":94}}]},"26":{"type":"branch","line":80,"loc":{"start":{"line":80,"column":62},"end":{"line":80,"column":97}},"locations":[{"start":{"line":80,"column":62},"end":{"line":80,"column":97}}]},"27":{"type":"branch","line":82,"loc":{"start":{"line":82,"column":62},"end":{"line":82,"column":93}},"locations":[{"start":{"line":82,"column":62},"end":{"line":82,"column":93}}]},"28":{"type":"branch","line":91,"loc":{"start":{"line":91,"column":2},"end":{"line":98,"column":3}},"locations":[{"start":{"line":91,"column":2},"end":{"line":98,"column":3}}]},"29":{"type":"branch","line":92,"loc":{"start":{"line":92,"column":38},"end":{"line":97,"column":6}},"locations":[{"start":{"line":92,"column":38},"end":{"line":97,"column":6}}]}},"b":{"0":[25],"1":[104],"2":[25],"3":[25],"4":[2],"5":[1],"6":[2],"7":[2],"8":[1],"9":[2],"10":[5],"11":[1],"12":[4],"13":[1],"14":[1],"15":[1],"16":[1],"17":[5],"18":[5],"19":[1],"20":[1],"21":[1],"22":[1],"23":[1],"24":[1],"25":[1],"26":[1],"27":[1],"28":[1],"29":[1]},"fnMap":{"0":{"name":"<instance_members_initializer>","decl":{"start":{"line":8,"column":11},"end":{"line":8,"column":34}},"loc":{"start":{"line":8,"column":11},"end":{"line":8,"column":34}},"line":8},"1":{"name":"get mercaderes","decl":{"start":{"line":8,"column":2},"end":{"line":8,"column":34}},"loc":{"start":{"line":8,"column":2},"end":{"line":8,"column":34}},"line":8},"2":{"name":"set mercaderes","decl":{"start":{"line":8,"column":2},"end":{"line":8,"column":34}},"loc":{"start":{"line":8,"column":2},"end":{"line":8,"column":34}},"line":8},"3":{"name":"ColeccionMercaderes","decl":{"start":{"line":14,"column":2},"end":{"line":16,"column":3}},"loc":{"start":{"line":14,"column":2},"end":{"line":16,"column":3}},"line":14},"4":{"name":"añadir","decl":{"start":{"line":22,"column":2},"end":{"line":27,"column":3}},"loc":{"start":{"line":22,"column":2},"end":{"line":27,"column":3}},"line":22},"5":{"name":"eliminar","decl":{"start":{"line":33,"column":2},"end":{"line":39,"column":3}},"loc":{"start":{"line":33,"column":2},"end":{"line":39,"column":3}},"line":33},"6":{"name":"modificar","decl":{"start":{"line":47,"column":2},"end":{"line":65,"column":3}},"loc":{"start":{"line":47,"column":2},"end":{"line":65,"column":3}},"line":47},"7":{"name":"buscar","decl":{"start":{"line":73,"column":2},"end":{"line":86,"column":3}},"loc":{"start":{"line":73,"column":2},"end":{"line":86,"column":3}},"line":73},"8":{"name":"print","decl":{"start":{"line":91,"column":2},"end":{"line":98,"column":3}},"loc":{"start":{"line":91,"column":2},"end":{"line":98,"column":3}},"line":91}},"f":{"0":25,"1":104,"2":25,"3":25,"4":2,"5":2,"6":5,"7":5,"8":1}}
,"/home/usuario/DSI/prct07/src/coleccion/coleccionTransacciones.ts": {"path":"/home/usuario/DSI/prct07/src/coleccion/coleccionTransacciones.ts","all":false,"statementMap":{"0":{"start":{"line":1,"column":0},"end":{"line":1,"column":55}},"9":{"start":{"line":10,"column":0},"end":{"line":10,"column":71}},"10":{"start":{"line":11,"column":0},"end":{"line":11,"column":40}},"16":{"start":{"line":17,"column":0},"end":{"line":17,"column":50}},"17":{"start":{"line":18,"column":0},"end":{"line":18,"column":39}},"18":{"start":{"line":19,"column":0},"end":{"line":19,"column":3}},"24":{"start":{"line":25,"column":0},"end":{"line":25,"column":42}},"25":{"start":{"line":26,"column":0},"end":{"line":26,"column":74}},"26":{"start":{"line":27,"column":0},"end":{"line":27,"column":20}},"27":{"start":{"line":28,"column":0},"end":{"line":28,"column":73}},"28":{"start":{"line":29,"column":0},"end":{"line":29,"column":5}},"29":{"start":{"line":30,"column":0},"end":{"line":30,"column":41}},"30":{"start":{"line":31,"column":0},"end":{"line":31,"column":3}},"36":{"start":{"line":37,"column":0},"end":{"line":37,"column":30}},"37":{"start":{"line":38,"column":0},"end":{"line":38,"column":65}},"38":{"start":{"line":39,"column":0},"end":{"line":39,"column":23}},"39":{"start":{"line":40,"column":0},"end":{"line":40,"column":61}},"40":{"start":{"line":41,"column":0},"end":{"line":41,"column":12}},"41":{"start":{"line":42,"column":0},"end":{"line":42,"column":42}},"42":{"start":{"line":43,"column":0},"end":{"line":43,"column":5}},"43":{"start":{"line":44,"column":0},"end":{"line":44,"column":3}},"54":{"start":{"line":55,"column":0},"end":{"line":55,"column":141}},"55":{"start":{"line":56,"column":0},"end":{"line":56,"column":32}},"56":{"start":{"line":57,"column":0},"end":{"line":57,"column":60}},"57":{"start":{"line":58,"column":0},"end":{"line":58,"column":30}},"58":{"start":{"line":59,"column":0},"end":{"line":59,"column":32}},"59":{"start":{"line":60,"column":0},"end":{"line":60,"column":34}},"60":{"start":{"line":61,"column":0},"end":{"line":61,"column":47}},"61":{"start":{"line":62,"column":0},"end":{"line":62,"column":8}},"63":{"start":{"line":64,"column":0},"end":{"line":64,"column":31}},"64":{"start":{"line":65,"column":0},"end":{"line":65,"column":139}},"65":{"start":{"line":66,"column":0},"end":{"line":66,"column":14}},"66":{"start":{"line":67,"column":0},"end":{"line":67,"column":81}},"67":{"start":{"line":68,"column":0},"end":{"line":68,"column":7}},"68":{"start":{"line":69,"column":0},"end":{"line":69,"column":12}},"69":{"start":{"line":70,"column":0},"end":{"line":70,"column":79}},"70":{"start":{"line":71,"column":0},"end":{"line":71,"column":5}},"71":{"start":{"line":72,"column":0},"end":{"line":72,"column":3}},"77":{"start":{"line":78,"column":0},"end":{"line":78,"column":35}},"78":{"start":{"line":79,"column":0},"end":{"line":79,"column":52}},"79":{"start":{"line":80,"column":0},"end":{"line":80,"column":68}},"80":{"start":{"line":81,"column":0},"end":{"line":81,"column":3}},"87":{"start":{"line":88,"column":0},"end":{"line":88,"column":58}},"88":{"start":{"line":89,"column":0},"end":{"line":89,"column":115}},"89":{"start":{"line":90,"column":0},"end":{"line":90,"column":3}},"95":{"start":{"line":96,"column":0},"end":{"line":96,"column":43}},"97":{"start":{"line":98,"column":0},"end":{"line":98,"column":47}},"99":{"start":{"line":100,"column":0},"end":{"line":100,"column":22}},"100":{"start":{"line":101,"column":0},"end":{"line":101,"column":39}},"101":{"start":{"line":102,"column":0},"end":{"line":102,"column":21}},"102":{"start":{"line":103,"column":0},"end":{"line":103,"column":31}},"103":{"start":{"line":104,"column":0},"end":{"line":104,"column":68}},"104":{"start":{"line":105,"column":0},"end":{"line":105,"column":11}},"105":{"start":{"line":106,"column":0},"end":{"line":106,"column":9}},"108":{"start":{"line":109,"column":0},"end":{"line":109,"column":37}},"109":{"start":{"line":110,"column":0},"end":{"line":110,"column":96}},"110":{"start":{"line":111,"column":0},"end":{"line":111,"column":6}},"112":{"start":{"line":113,"column":0},"end":{"line":113,"column":28}},"113":{"start":{"line":114,"column":0},"end":{"line":114,"column":3}},"118":{"start":{"line":119,"column":0},"end":{"line":119,"column":11}},"119":{"start":{"line":120,"column":0},"end":{"line":120,"column":48}},"120":{"start":{"line":121,"column":0},"end":{"line":121,"column":15}},"121":{"start":{"line":122,"column":0},"end":{"line":122,"column":42}},"122":{"start":{"line":123,"column":0},"end":{"line":123,"column":19}},"123":{"start":{"line":124,"column":0},"end":{"line":124,"column":53}},"124":{"start":{"line":125,"column":0},"end":{"line":125,"column":21}},"125":{"start":{"line":126,"column":0},"end":{"line":126,"column":32}},"126":{"start":{"line":127,"column":0},"end":{"line":127,"column":33}},"127":{"start":{"line":128,"column":0},"end":{"line":128,"column":9}},"128":{"start":{"line":129,"column":0},"end":{"line":129,"column":3}},"129":{"start":{"line":130,"column":0},"end":{"line":130,"column":1}}},"s":{"0":1,"9":1,"10":1,"16":1,"17":14,"18":14,"24":1,"25":4,"26":4,"27":1,"28":1,"29":3,"30":4,"36":1,"37":0,"38":0,"39":0,"40":0,"41":0,"42":0,"43":0,"54":1,"55":1,"56":0,"57":0,"58":0,"59":0,"60":0,"61":0,"63":0,"64":0,"65":0,"66":0,"67":0,"68":1,"69":1,"70":1,"71":1,"77":1,"78":0,"79":0,"80":0,"87":1,"88":1,"89":1,"95":1,"97":1,"99":1,"100":1,"101":1,"102":1,"103":1,"104":1,"105":1,"108":1,"109":1,"110":1,"112":1,"113":1,"118":1,"119":1,"120":2,"121":2,"122":2,"123":2,"124":2,"125":2,"126":2,"127":1,"128":1,"129":1},"branchMap":{"0":{"type":"branch","line":11,"loc":{"start":{"line":11,"column":11},"end":{"line":11,"column":40}},"locations":[{"start":{"line":11,"column":11},"end":{"line":11,"column":40}}]},"1":{"type":"branch","line":11,"loc":{"start":{"line":11,"column":2},"end":{"line":11,"column":40}},"locations":[{"start":{"line":11,"column":2},"end":{"line":11,"column":40}}]},"2":{"type":"branch","line":11,"loc":{"start":{"line":11,"column":2},"end":{"line":11,"column":40}},"locations":[{"start":{"line":11,"column":2},"end":{"line":11,"column":40}}]},"3":{"type":"branch","line":17,"loc":{"start":{"line":17,"column":2},"end":{"line":19,"column":3}},"locations":[{"start":{"line":17,"column":2},"end":{"line":19,"column":3}}]},"4":{"type":"branch","line":25,"loc":{"start":{"line":25,"column":2},"end":{"line":31,"column":3}},"locations":[{"start":{"line":25,"column":2},"end":{"line":31,"column":3}}]},"5":{"type":"branch","line":27,"loc":{"start":{"line":27,"column":19},"end":{"line":29,"column":5}},"locations":[{"start":{"line":27,"column":19},"end":{"line":29,"column":5}}]},"6":{"type":"branch","line":29,"loc":{"start":{"line":29,"column":4},"end":{"line":30,"column":41}},"locations":[{"start":{"line":29,"column":4},"end":{"line":30,"column":41}}]},"7":{"type":"branch","line":26,"loc":{"start":{"line":26,"column":44},"end":{"line":26,"column":72}},"locations":[{"start":{"line":26,"column":44},"end":{"line":26,"column":72}}]},"8":{"type":"branch","line":55,"loc":{"start":{"line":55,"column":2},"end":{"line":72,"column":3}},"locations":[{"start":{"line":55,"column":2},"end":{"line":72,"column":3}}]},"9":{"type":"branch","line":56,"loc":{"start":{"line":56,"column":31},"end":{"line":69,"column":11}},"locations":[{"start":{"line":56,"column":31},"end":{"line":69,"column":11}}]},"10":{"type":"branch","line":88,"loc":{"start":{"line":88,"column":2},"end":{"line":90,"column":3}},"locations":[{"start":{"line":88,"column":2},"end":{"line":90,"column":3}}]},"11":{"type":"branch","line":89,"loc":{"start":{"line":89,"column":64},"end":{"line":89,"column":112}},"locations":[{"start":{"line":89,"column":64},"end":{"line":89,"column":112}}]},"12":{"type":"branch","line":89,"loc":{"start":{"line":89,"column":86},"end":{"line":89,"column":112}},"locations":[{"start":{"line":89,"column":86},"end":{"line":89,"column":112}}]},"13":{"type":"branch","line":96,"loc":{"start":{"line":96,"column":2},"end":{"line":114,"column":3}},"locations":[{"start":{"line":96,"column":2},"end":{"line":114,"column":3}}]},"14":{"type":"branch","line":101,"loc":{"start":{"line":101,"column":14},"end":{"line":101,"column":37}},"locations":[{"start":{"line":101,"column":14},"end":{"line":101,"column":37}}]},"15":{"type":"branch","line":102,"loc":{"start":{"line":102,"column":15},"end":{"line":106,"column":7}},"locations":[{"start":{"line":102,"column":15},"end":{"line":106,"column":7}}]},"16":{"type":"branch","line":103,"loc":{"start":{"line":103,"column":25},"end":{"line":105,"column":9}},"locations":[{"start":{"line":103,"column":25},"end":{"line":105,"column":9}}]},"17":{"type":"branch","line":119,"loc":{"start":{"line":119,"column":2},"end":{"line":129,"column":3}},"locations":[{"start":{"line":119,"column":2},"end":{"line":129,"column":3}}]},"18":{"type":"branch","line":120,"loc":{"start":{"line":120,"column":41},"end":{"line":128,"column":6}},"locations":[{"start":{"line":120,"column":41},"end":{"line":128,"column":6}}]},"19":{"type":"branch","line":124,"loc":{"start":{"line":124,"column":27},"end":{"line":124,"column":40}},"locations":[{"start":{"line":124,"column":27},"end":{"line":124,"column":40}}]}},"b":{"0":[14],"1":[56],"2":[14],"3":[14],"4":[4],"5":[1],"6":[3],"7":[4],"8":[1],"9":[0],"10":[1],"11":[1],"12":[0],"13":[1],"14":[1],"15":[1],"16":[1],"17":[1],"18":[2],"19":[3]},"fnMap":{"0":{"name":"<instance_members_initializer>","decl":{"start":{"line":11,"column":11},"end":{"line":11,"column":40}},"loc":{"start":{"line":11,"column":11},"end":{"line":11,"column":40}},"line":11},"1":{"name":"get transacciones","decl":{"start":{"line":11,"column":2},"end":{"line":11,"column":40}},"loc":{"start":{"line":11,"column":2},"end":{"line":11,"column":40}},"line":11},"2":{"name":"set transacciones","decl":{"start":{"line":11,"column":2},"end":{"line":11,"column":40}},"loc":{"start":{"line":11,"column":2},"end":{"line":11,"column":40}},"line":11},"3":{"name":"ColeccionTransacciones","decl":{"start":{"line":17,"column":2},"end":{"line":19,"column":3}},"loc":{"start":{"line":17,"column":2},"end":{"line":19,"column":3}},"line":17},"4":{"name":"añadir","decl":{"start":{"line":25,"column":2},"end":{"line":31,"column":3}},"loc":{"start":{"line":25,"column":2},"end":{"line":31,"column":3}},"line":25},"5":{"name":"eliminar","decl":{"start":{"line":37,"column":2},"end":{"line":44,"column":3}},"loc":{"start":{"line":37,"column":2},"end":{"line":44,"column":3}},"line":37},"6":{"name":"registrar","decl":{"start":{"line":55,"column":2},"end":{"line":72,"column":3}},"loc":{"start":{"line":55,"column":2},"end":{"line":72,"column":3}},"line":55},"7":{"name":"determinarSiguienteId","decl":{"start":{"line":78,"column":2},"end":{"line":81,"column":3}},"loc":{"start":{"line":78,"column":2},"end":{"line":81,"column":3}},"line":78},"8":{"name":"buscarPorPersonaID","decl":{"start":{"line":88,"column":2},"end":{"line":90,"column":3}},"loc":{"start":{"line":88,"column":2},"end":{"line":90,"column":3}},"line":88},"9":{"name":"bienesDemandados","decl":{"start":{"line":96,"column":2},"end":{"line":114,"column":3}},"loc":{"start":{"line":96,"column":2},"end":{"line":114,"column":3}},"line":96},"10":{"name":"print","decl":{"start":{"line":119,"column":2},"end":{"line":129,"column":3}},"loc":{"start":{"line":119,"column":2},"end":{"line":129,"column":3}},"line":119}},"f":{"0":14,"1":56,"2":14,"3":14,"4":4,"5":0,"6":1,"7":0,"8":1,"9":1,"10":1}}
,"/home/usuario/DSI/prct07/src/interfaces/coleccion.ts": {"path":"/home/usuario/DSI/prct07/src/interfaces/coleccion.ts","all":true,"statementMap":{},"s":{},"branchMap":{"0":{"type":"branch","line":1,"loc":{"start":{"line":1,"column":298},"end":{"line":9,"column":1}},"locations":[{"start":{"line":1,"column":298},"end":{"line":9,"column":1}}]}},"b":{"0":[1]},"fnMap":{"0":{"name":"(empty-report)","decl":{"start":{"line":1,"column":298},"end":{"line":9,"column":1}},"loc":{"start":{"line":1,"column":298},"end":{"line":9,"column":1}},"line":1}},"f":{"0":1}}
,"/home/usuario/DSI/prct07/src/interfaces/database.ts": {"path":"/home/usuario/DSI/prct07/src/interfaces/database.ts","all":true,"statementMap":{},"s":{},"branchMap":{"0":{"type":"branch","line":1,"loc":{"start":{"line":1,"column":177},"end":{"line":8,"column":1}},"locations":[{"start":{"line":1,"column":177},"end":{"line":8,"column":1}}]}},"b":{"0":[1]},"fnMap":{"0":{"name":"(empty-report)","decl":{"start":{"line":1,"column":177},"end":{"line":8,"column":1}},"loc":{"start":{"line":1,"column":177},"end":{"line":8,"column":1}},"line":1}},"f":{"0":1}}
,"/home/usuario/DSI/prct07/src/interfaces/objetos.ts": {"path":"/home/usuario/DSI/prct07/src/interfaces/objetos.ts","all":true,"statementMap":{},"s":{},"branchMap":{"0":{"type":"branch","line":1,"loc":{"start":{"line":1,"column":242},"end":{"line":14,"column":1}},"locations":[{"start":{"line":1,"column":242},"end":{"line":14,"column":1}}]}},"b":{"0":[1]},"fnMap":{"0":{"name":"(empty-report)","decl":{"start":{"line":1,"column":242},"end":{"line":14,"column":1}},"loc":{"start":{"line":1,"column":242},"end":{"line":14,"column":1}},"line":1}},"f":{"0":1}}
,"/home/usuario/DSI/prct07/src/module/bien.ts": {"path":"/home/usuario/DSI/prct07/src/module/bien.ts","all":false,"statementMap":{"10":{"start":{"line":11,"column":0},"end":{"line":11,"column":44}},"11":{"start":{"line":12,"column":0},"end":{"line":12,"column":21}},"12":{"start":{"line":13,"column":0},"end":{"line":13,"column":25}},"13":{"start":{"line":14,"column":0},"end":{"line":14,"column":30}},"14":{"start":{"line":15,"column":0},"end":{"line":15,"column":29}},"15":{"start":{"line":16,"column":0},"end":{"line":16,"column":23}},"16":{"start":{"line":17,"column":0},"end":{"line":17,"column":24}},"27":{"start":{"line":28,"column":0},"end":{"line":28,"column":113}},"28":{"start":{"line":29,"column":0},"end":{"line":29,"column":17}},"29":{"start":{"line":30,"column":0},"end":{"line":30,"column":25}},"30":{"start":{"line":31,"column":0},"end":{"line":31,"column":35}},"31":{"start":{"line":32,"column":0},"end":{"line":32,"column":29}},"32":{"start":{"line":33,"column":0},"end":{"line":33,"column":21}},"33":{"start":{"line":34,"column":0},"end":{"line":34,"column":23}},"34":{"start":{"line":35,"column":0},"end":{"line":35,"column":3}},"39":{"start":{"line":40,"column":0},"end":{"line":40,"column":17}},"40":{"start":{"line":41,"column":0},"end":{"line":41,"column":16}},"41":{"start":{"line":42,"column":0},"end":{"line":42,"column":116}},"42":{"start":{"line":43,"column":0},"end":{"line":43,"column":6}},"43":{"start":{"line":44,"column":0},"end":{"line":44,"column":3}},"44":{"start":{"line":45,"column":0},"end":{"line":45,"column":2}}},"s":{"10":1,"11":1,"12":364,"13":364,"14":364,"15":364,"16":364,"27":1,"28":364,"29":364,"30":364,"31":364,"32":364,"33":364,"34":364,"39":1,"40":2,"41":2,"42":2,"43":2,"44":1},"branchMap":{"0":{"type":"branch","line":12,"loc":{"start":{"line":12,"column":11},"end":{"line":17,"column":24}},"locations":[{"start":{"line":12,"column":11},"end":{"line":17,"column":24}}]},"1":{"type":"branch","line":12,"loc":{"start":{"line":12,"column":2},"end":{"line":12,"column":21}},"locations":[{"start":{"line":12,"column":2},"end":{"line":12,"column":21}}]},"2":{"type":"branch","line":12,"loc":{"start":{"line":12,"column":2},"end":{"line":12,"column":21}},"locations":[{"start":{"line":12,"column":2},"end":{"line":12,"column":21}}]},"3":{"type":"branch","line":13,"loc":{"start":{"line":13,"column":2},"end":{"line":13,"column":25}},"locations":[{"start":{"line":13,"column":2},"end":{"line":13,"column":25}}]},"4":{"type":"branch","line":13,"loc":{"start":{"line":13,"column":2},"end":{"line":13,"column":25}},"locations":[{"start":{"line":13,"column":2},"end":{"line":13,"column":25}}]},"5":{"type":"branch","line":14,"loc":{"start":{"line":14,"column":2},"end":{"line":14,"column":30}},"locations":[{"start":{"line":14,"column":2},"end":{"line":14,"column":30}}]},"6":{"type":"branch","line":14,"loc":{"start":{"line":14,"column":2},"end":{"line":14,"column":30}},"locations":[{"start":{"line":14,"column":2},"end":{"line":14,"column":30}}]},"7":{"type":"branch","line":15,"loc":{"start":{"line":15,"column":2},"end":{"line":15,"column":29}},"locations":[{"start":{"line":15,"column":2},"end":{"line":15,"column":29}}]},"8":{"type":"branch","line":15,"loc":{"start":{"line":15,"column":2},"end":{"line":15,"column":29}},"locations":[{"start":{"line":15,"column":2},"end":{"line":15,"column":29}}]},"9":{"type":"branch","line":16,"loc":{"start":{"line":16,"column":2},"end":{"line":16,"column":23}},"locations":[{"start":{"line":16,"column":2},"end":{"line":16,"column":23}}]},"10":{"type":"branch","line":16,"loc":{"start":{"line":16,"column":2},"end":{"line":16,"column":23}},"locations":[{"start":{"line":16,"column":2},"end":{"line":16,"column":23}}]},"11":{"type":"branch","line":17,"loc":{"start":{"line":17,"column":2},"end":{"line":17,"column":24}},"locations":[{"start":{"line":17,"column":2},"end":{"line":17,"column":24}}]},"12":{"type":"branch","line":17,"loc":{"start":{"line":17,"column":2},"end":{"line":17,"column":24}},"locations":[{"start":{"line":17,"column":2},"end":{"line":17,"column":24}}]},"13":{"type":"branch","line":28,"loc":{"start":{"line":28,"column":2},"end":{"line":35,"column":3}},"locations":[{"start":{"line":28,"column":2},"end":{"line":35,"column":3}}]},"14":{"type":"branch","line":40,"loc":{"start":{"line":40,"column":2},"end":{"line":44,"column":3}},"locations":[{"start":{"line":40,"column":2},"end":{"line":44,"column":3}}]}},"b":{"0":[364],"1":[19],"2":[364],"3":[34],"4":[365],"5":[8],"6":[365],"7":[10],"8":[365],"9":[10],"10":[365],"11":[18],"12":[365],"13":[364],"14":[2]},"fnMap":{"0":{"name":"<instance_members_initializer>","decl":{"start":{"line":12,"column":11},"end":{"line":17,"column":24}},"loc":{"start":{"line":12,"column":11},"end":{"line":17,"column":24}},"line":12},"1":{"name":"get id","decl":{"start":{"line":12,"column":2},"end":{"line":12,"column":21}},"loc":{"start":{"line":12,"column":2},"end":{"line":12,"column":21}},"line":12},"2":{"name":"set id","decl":{"start":{"line":12,"column":2},"end":{"line":12,"column":21}},"loc":{"start":{"line":12,"column":2},"end":{"line":12,"column":21}},"line":12},"3":{"name":"get nombre","decl":{"start":{"line":13,"column":2},"end":{"line":13,"column":25}},"loc":{"start":{"line":13,"column":2},"end":{"line":13,"column":25}},"line":13},"4":{"name":"set nombre","decl":{"start":{"line":13,"column":2},"end":{"line":13,"column":25}},"loc":{"start":{"line":13,"column":2},"end":{"line":13,"column":25}},"line":13},"5":{"name":"get descripcion","decl":{"start":{"line":14,"column":2},"end":{"line":14,"column":30}},"loc":{"start":{"line":14,"column":2},"end":{"line":14,"column":30}},"line":14},"6":{"name":"set descripcion","decl":{"start":{"line":14,"column":2},"end":{"line":14,"column":30}},"loc":{"start":{"line":14,"column":2},"end":{"line":14,"column":30}},"line":14},"7":{"name":"get material","decl":{"start":{"line":15,"column":2},"end":{"line":15,"column":29}},"loc":{"start":{"line":15,"column":2},"end":{"line":15,"column":29}},"line":15},"8":{"name":"set material","decl":{"start":{"line":15,"column":2},"end":{"line":15,"column":29}},"loc":{"start":{"line":15,"column":2},"end":{"line":15,"column":29}},"line":15},"9":{"name":"get peso","decl":{"start":{"line":16,"column":2},"end":{"line":16,"column":23}},"loc":{"start":{"line":16,"column":2},"end":{"line":16,"column":23}},"line":16},"10":{"name":"set peso","decl":{"start":{"line":16,"column":2},"end":{"line":16,"column":23}},"loc":{"start":{"line":16,"column":2},"end":{"line":16,"column":23}},"line":16},"11":{"name":"get valor","decl":{"start":{"line":17,"column":2},"end":{"line":17,"column":24}},"loc":{"start":{"line":17,"column":2},"end":{"line":17,"column":24}},"line":17},"12":{"name":"set valor","decl":{"start":{"line":17,"column":2},"end":{"line":17,"column":24}},"loc":{"start":{"line":17,"column":2},"end":{"line":17,"column":24}},"line":17},"13":{"name":"Bien","decl":{"start":{"line":28,"column":2},"end":{"line":35,"column":3}},"loc":{"start":{"line":28,"column":2},"end":{"line":35,"column":3}},"line":28},"14":{"name":"print","decl":{"start":{"line":40,"column":2},"end":{"line":44,"column":3}},"loc":{"start":{"line":40,"column":2},"end":{"line":44,"column":3}},"line":40}},"f":{"0":364,"1":19,"2":364,"3":34,"4":365,"5":8,"6":365,"7":10,"8":365,"9":10,"10":365,"11":18,"12":365,"13":364,"14":2}}
,"/home/usuario/DSI/prct07/src/module/cliente.ts": {"path":"/home/usuario/DSI/prct07/src/module/cliente.ts","all":false,"statementMap":{"11":{"start":{"line":12,"column":0},"end":{"line":12,"column":56}},"12":{"start":{"line":13,"column":0},"end":{"line":13,"column":22}},"13":{"start":{"line":14,"column":0},"end":{"line":14,"column":26}},"14":{"start":{"line":15,"column":0},"end":{"line":15,"column":22}},"15":{"start":{"line":16,"column":0},"end":{"line":16,"column":24}},"24":{"start":{"line":25,"column":0},"end":{"line":25,"column":69}},"25":{"start":{"line":26,"column":0},"end":{"line":26,"column":17}},"26":{"start":{"line":27,"column":0},"end":{"line":27,"column":25}},"27":{"start":{"line":28,"column":0},"end":{"line":28,"column":21}},"28":{"start":{"line":29,"column":0},"end":{"line":29,"column":23}},"29":{"start":{"line":30,"column":0},"end":{"line":30,"column":3}},"34":{"start":{"line":35,"column":0},"end":{"line":35,"column":17}},"35":{"start":{"line":36,"column":0},"end":{"line":36,"column":16}},"36":{"start":{"line":37,"column":0},"end":{"line":37,"column":88}},"37":{"start":{"line":38,"column":0},"end":{"line":38,"column":6}},"38":{"start":{"line":39,"column":0},"end":{"line":39,"column":3}},"39":{"start":{"line":40,"column":0},"end":{"line":40,"column":2}}},"s":{"11":1,"12":1,"13":173,"14":173,"15":173,"24":1,"25":173,"26":173,"27":173,"28":173,"29":173,"34":1,"35":1,"36":1,"37":1,"38":1,"39":1},"branchMap":{"0":{"type":"branch","line":13,"loc":{"start":{"line":13,"column":11},"end":{"line":16,"column":24}},"locations":[{"start":{"line":13,"column":11},"end":{"line":16,"column":24}}]},"1":{"type":"branch","line":13,"loc":{"start":{"line":13,"column":2},"end":{"line":13,"column":22}},"locations":[{"start":{"line":13,"column":2},"end":{"line":13,"column":22}}]},"2":{"type":"branch","line":13,"loc":{"start":{"line":13,"column":2},"end":{"line":13,"column":22}},"locations":[{"start":{"line":13,"column":2},"end":{"line":13,"column":22}}]},"3":{"type":"branch","line":14,"loc":{"start":{"line":14,"column":2},"end":{"line":14,"column":26}},"locations":[{"start":{"line":14,"column":2},"end":{"line":14,"column":26}}]},"4":{"type":"branch","line":14,"loc":{"start":{"line":14,"column":2},"end":{"line":14,"column":26}},"locations":[{"start":{"line":14,"column":2},"end":{"line":14,"column":26}}]},"5":{"type":"branch","line":15,"loc":{"start":{"line":15,"column":2},"end":{"line":15,"column":22}},"locations":[{"start":{"line":15,"column":2},"end":{"line":15,"column":22}}]},"6":{"type":"branch","line":15,"loc":{"start":{"line":15,"column":2},"end":{"line":15,"column":22}},"locations":[{"start":{"line":15,"column":2},"end":{"line":15,"column":22}}]},"7":{"type":"branch","line":16,"loc":{"start":{"line":16,"column":2},"end":{"line":16,"column":24}},"locations":[{"start":{"line":16,"column":2},"end":{"line":16,"column":24}}]},"8":{"type":"branch","line":16,"loc":{"start":{"line":16,"column":2},"end":{"line":16,"column":24}},"locations":[{"start":{"line":16,"column":2},"end":{"line":16,"column":24}}]},"9":{"type":"branch","line":25,"loc":{"start":{"line":25,"column":2},"end":{"line":30,"column":3}},"locations":[{"start":{"line":25,"column":2},"end":{"line":30,"column":3}}]},"10":{"type":"branch","line":35,"loc":{"start":{"line":35,"column":2},"end":{"line":39,"column":3}},"locations":[{"start":{"line":35,"column":2},"end":{"line":39,"column":3}}]}},"b":{"0":[173],"1":[18],"2":[173],"3":[10],"4":[174],"5":[6],"6":[174],"7":[6],"8":[174],"9":[173],"10":[1]},"fnMap":{"0":{"name":"<instance_members_initializer>","decl":{"start":{"line":13,"column":11},"end":{"line":16,"column":24}},"loc":{"start":{"line":13,"column":11},"end":{"line":16,"column":24}},"line":13},"1":{"name":"get id","decl":{"start":{"line":13,"column":2},"end":{"line":13,"column":22}},"loc":{"start":{"line":13,"column":2},"end":{"line":13,"column":22}},"line":13},"2":{"name":"set id","decl":{"start":{"line":13,"column":2},"end":{"line":13,"column":22}},"loc":{"start":{"line":13,"column":2},"end":{"line":13,"column":22}},"line":13},"3":{"name":"get nombre","decl":{"start":{"line":14,"column":2},"end":{"line":14,"column":26}},"loc":{"start":{"line":14,"column":2},"end":{"line":14,"column":26}},"line":14},"4":{"name":"set nombre","decl":{"start":{"line":14,"column":2},"end":{"line":14,"column":26}},"loc":{"start":{"line":14,"column":2},"end":{"line":14,"column":26}},"line":14},"5":{"name":"get raza","decl":{"start":{"line":15,"column":2},"end":{"line":15,"column":22}},"loc":{"start":{"line":15,"column":2},"end":{"line":15,"column":22}},"line":15},"6":{"name":"set raza","decl":{"start":{"line":15,"column":2},"end":{"line":15,"column":22}},"loc":{"start":{"line":15,"column":2},"end":{"line":15,"column":22}},"line":15},"7":{"name":"get lugar","decl":{"start":{"line":16,"column":2},"end":{"line":16,"column":24}},"loc":{"start":{"line":16,"column":2},"end":{"line":16,"column":24}},"line":16},"8":{"name":"set lugar","decl":{"start":{"line":16,"column":2},"end":{"line":16,"column":24}},"loc":{"start":{"line":16,"column":2},"end":{"line":16,"column":24}},"line":16},"9":{"name":"Cliente","decl":{"start":{"line":25,"column":2},"end":{"line":30,"column":3}},"loc":{"start":{"line":25,"column":2},"end":{"line":30,"column":3}},"line":25},"10":{"name":"print","decl":{"start":{"line":35,"column":2},"end":{"line":39,"column":3}},"loc":{"start":{"line":35,"column":2},"end":{"line":39,"column":3}},"line":35}},"f":{"0":173,"1":18,"2":173,"3":10,"4":174,"5":6,"6":174,"7":6,"8":174,"9":173,"10":1}}
,"/home/usuario/DSI/prct07/src/module/inventario.ts": {"path":"/home/usuario/DSI/prct07/src/module/inventario.ts","all":false,"statementMap":{"0":{"start":{"line":1,"column":0},"end":{"line":1,"column":67}},"1":{"start":{"line":2,"column":0},"end":{"line":2,"column":71}},"2":{"start":{"line":3,"column":0},"end":{"line":3,"column":75}},"3":{"start":{"line":4,"column":0},"end":{"line":4,"column":81}},"8":{"start":{"line":9,"column":0},"end":{"line":9,"column":25}},"9":{"start":{"line":10,"column":0},"end":{"line":10,"column":39}},"10":{"start":{"line":11,"column":0},"end":{"line":11,"column":47}},"11":{"start":{"line":12,"column":0},"end":{"line":12,"column":43}},"12":{"start":{"line":13,"column":0},"end":{"line":13,"column":53}},"21":{"start":{"line":22,"column":0},"end":{"line":22,"column":17}},"22":{"start":{"line":23,"column":0},"end":{"line":23,"column":44}},"23":{"start":{"line":24,"column":0},"end":{"line":24,"column":52}},"24":{"start":{"line":25,"column":0},"end":{"line":25,"column":48}},"25":{"start":{"line":26,"column":0},"end":{"line":26,"column":58}},"26":{"start":{"line":27,"column":0},"end":{"line":27,"column":3}},"31":{"start":{"line":32,"column":0},"end":{"line":32,"column":17}},"32":{"start":{"line":33,"column":0},"end":{"line":33,"column":24}},"33":{"start":{"line":34,"column":0},"end":{"line":34,"column":26}},"34":{"start":{"line":35,"column":0},"end":{"line":35,"column":28}},"35":{"start":{"line":36,"column":0},"end":{"line":36,"column":31}},"36":{"start":{"line":37,"column":0},"end":{"line":37,"column":3}},"37":{"start":{"line":38,"column":0},"end":{"line":38,"column":1}}},"s":{"0":1,"1":1,"2":1,"3":1,"8":1,"9":1,"10":6,"11":6,"12":6,"21":1,"22":6,"23":6,"24":6,"25":6,"26":6,"31":1,"32":0,"33":0,"34":0,"35":0,"36":0,"37":1},"branchMap":{"0":{"type":"branch","line":10,"loc":{"start":{"line":10,"column":11},"end":{"line":13,"column":53}},"locations":[{"start":{"line":10,"column":11},"end":{"line":13,"column":53}}]},"1":{"type":"branch","line":10,"loc":{"start":{"line":10,"column":2},"end":{"line":10,"column":39}},"locations":[{"start":{"line":10,"column":2},"end":{"line":10,"column":39}}]},"2":{"type":"branch","line":10,"loc":{"start":{"line":10,"column":2},"end":{"line":10,"column":39}},"locations":[{"start":{"line":10,"column":2},"end":{"line":10,"column":39}}]},"3":{"type":"branch","line":11,"loc":{"start":{"line":11,"column":2},"end":{"line":11,"column":47}},"locations":[{"start":{"line":11,"column":2},"end":{"line":11,"column":47}}]},"4":{"type":"branch","line":11,"loc":{"start":{"line":11,"column":2},"end":{"line":11,"column":47}},"locations":[{"start":{"line":11,"column":2},"end":{"line":11,"column":47}}]},"5":{"type":"branch","line":12,"loc":{"start":{"line":12,"column":2},"end":{"line":12,"column":43}},"locations":[{"start":{"line":12,"column":2},"end":{"line":12,"column":43}}]},"6":{"type":"branch","line":12,"loc":{"start":{"line":12,"column":2},"end":{"line":12,"column":43}},"locations":[{"start":{"line":12,"column":2},"end":{"line":12,"column":43}}]},"7":{"type":"branch","line":13,"loc":{"start":{"line":13,"column":2},"end":{"line":13,"column":53}},"locations":[{"start":{"line":13,"column":2},"end":{"line":13,"column":53}}]},"8":{"type":"branch","line":22,"loc":{"start":{"line":22,"column":2},"end":{"line":27,"column":3}},"locations":[{"start":{"line":22,"column":2},"end":{"line":27,"column":3}}]}},"b":{"0":[6],"1":[1],"2":[6],"3":[1],"4":[6],"5":[1],"6":[6],"7":[6],"8":[6]},"fnMap":{"0":{"name":"<instance_members_initializer>","decl":{"start":{"line":10,"column":11},"end":{"line":13,"column":53}},"loc":{"start":{"line":10,"column":11},"end":{"line":13,"column":53}},"line":10},"1":{"name":"get bienes","decl":{"start":{"line":10,"column":2},"end":{"line":10,"column":39}},"loc":{"start":{"line":10,"column":2},"end":{"line":10,"column":39}},"line":10},"2":{"name":"set bienes","decl":{"start":{"line":10,"column":2},"end":{"line":10,"column":39}},"loc":{"start":{"line":10,"column":2},"end":{"line":10,"column":39}},"line":10},"3":{"name":"get mercaderes","decl":{"start":{"line":11,"column":2},"end":{"line":11,"column":47}},"loc":{"start":{"line":11,"column":2},"end":{"line":11,"column":47}},"line":11},"4":{"name":"set mercaderes","decl":{"start":{"line":11,"column":2},"end":{"line":11,"column":47}},"loc":{"start":{"line":11,"column":2},"end":{"line":11,"column":47}},"line":11},"5":{"name":"get clientes","decl":{"start":{"line":12,"column":2},"end":{"line":12,"column":43}},"loc":{"start":{"line":12,"column":2},"end":{"line":12,"column":43}},"line":12},"6":{"name":"set clientes","decl":{"start":{"line":12,"column":2},"end":{"line":12,"column":43}},"loc":{"start":{"line":12,"column":2},"end":{"line":12,"column":43}},"line":12},"7":{"name":"get transacciones","decl":{"start":{"line":13,"column":2},"end":{"line":13,"column":53}},"loc":{"start":{"line":13,"column":2},"end":{"line":13,"column":53}},"line":13},"8":{"name":"set transacciones","decl":{"start":{"line":13,"column":2},"end":{"line":13,"column":53}},"loc":{"start":{"line":13,"column":2},"end":{"line":13,"column":53}},"line":13},"9":{"name":"Inventario","decl":{"start":{"line":22,"column":2},"end":{"line":27,"column":3}},"loc":{"start":{"line":22,"column":2},"end":{"line":27,"column":3}},"line":22},"10":{"name":"print","decl":{"start":{"line":32,"column":2},"end":{"line":37,"column":3}},"loc":{"start":{"line":32,"column":2},"end":{"line":37,"column":3}},"line":32}},"f":{"0":6,"1":1,"2":6,"3":1,"4":6,"5":1,"6":6,"7":0,"8":6,"9":6,"10":0}}
,"/home/usuario/DSI/prct07/src/module/mercader.ts": {"path":"/home/usuario/DSI/prct07/src/module/mercader.ts","all":false,"statementMap":{"15":{"start":{"line":16,"column":0},"end":{"line":16,"column":57}},"16":{"start":{"line":17,"column":0},"end":{"line":17,"column":22}},"17":{"start":{"line":18,"column":0},"end":{"line":18,"column":26}},"18":{"start":{"line":19,"column":0},"end":{"line":19,"column":32}},"19":{"start":{"line":20,"column":0},"end":{"line":20,"column":24}},"28":{"start":{"line":29,"column":0},"end":{"line":29,"column":79}},"29":{"start":{"line":30,"column":0},"end":{"line":30,"column":17}},"30":{"start":{"line":31,"column":0},"end":{"line":31,"column":25}},"31":{"start":{"line":32,"column":0},"end":{"line":32,"column":31}},"32":{"start":{"line":33,"column":0},"end":{"line":33,"column":23}},"33":{"start":{"line":34,"column":0},"end":{"line":34,"column":3}},"38":{"start":{"line":39,"column":0},"end":{"line":39,"column":17}},"39":{"start":{"line":40,"column":0},"end":{"line":40,"column":16}},"40":{"start":{"line":41,"column":0},"end":{"line":41,"column":21}},"41":{"start":{"line":42,"column":0},"end":{"line":42,"column":28}},"42":{"start":{"line":43,"column":0},"end":{"line":43,"column":34}},"43":{"start":{"line":44,"column":0},"end":{"line":44,"column":27}},"44":{"start":{"line":45,"column":0},"end":{"line":45,"column":6}},"45":{"start":{"line":46,"column":0},"end":{"line":46,"column":3}},"46":{"start":{"line":47,"column":0},"end":{"line":47,"column":1}}},"s":{"15":1,"16":1,"17":123,"18":123,"19":123,"28":1,"29":123,"30":123,"31":123,"32":123,"33":123,"38":1,"39":1,"40":1,"41":1,"42":1,"43":1,"44":1,"45":1,"46":1},"branchMap":{"0":{"type":"branch","line":17,"loc":{"start":{"line":17,"column":11},"end":{"line":20,"column":24}},"locations":[{"start":{"line":17,"column":11},"end":{"line":20,"column":24}}]},"1":{"type":"branch","line":17,"loc":{"start":{"line":17,"column":2},"end":{"line":17,"column":22}},"locations":[{"start":{"line":17,"column":2},"end":{"line":17,"column":22}}]},"2":{"type":"branch","line":17,"loc":{"start":{"line":17,"column":2},"end":{"line":17,"column":22}},"locations":[{"start":{"line":17,"column":2},"end":{"line":17,"column":22}}]},"3":{"type":"branch","line":18,"loc":{"start":{"line":18,"column":2},"end":{"line":18,"column":26}},"locations":[{"start":{"line":18,"column":2},"end":{"line":18,"column":26}}]},"4":{"type":"branch","line":18,"loc":{"start":{"line":18,"column":2},"end":{"line":18,"column":26}},"locations":[{"start":{"line":18,"column":2},"end":{"line":18,"column":26}}]},"5":{"type":"branch","line":19,"loc":{"start":{"line":19,"column":2},"end":{"line":19,"column":32}},"locations":[{"start":{"line":19,"column":2},"end":{"line":19,"column":32}}]},"6":{"type":"branch","line":19,"loc":{"start":{"line":19,"column":2},"end":{"line":19,"column":32}},"locations":[{"start":{"line":19,"column":2},"end":{"line":19,"column":32}}]},"7":{"type":"branch","line":20,"loc":{"start":{"line":20,"column":2},"end":{"line":20,"column":24}},"locations":[{"start":{"line":20,"column":2},"end":{"line":20,"column":24}}]},"8":{"type":"branch","line":20,"loc":{"start":{"line":20,"column":2},"end":{"line":20,"column":24}},"locations":[{"start":{"line":20,"column":2},"end":{"line":20,"column":24}}]},"9":{"type":"branch","line":29,"loc":{"start":{"line":29,"column":2},"end":{"line":34,"column":3}},"locations":[{"start":{"line":29,"column":2},"end":{"line":34,"column":3}}]},"10":{"type":"branch","line":39,"loc":{"start":{"line":39,"column":2},"end":{"line":46,"column":3}},"locations":[{"start":{"line":39,"column":2},"end":{"line":46,"column":3}}]}},"b":{"0":[123],"1":[16],"2":[123],"3":[11],"4":[124],"5":[6],"6":[124],"7":[6],"8":[124],"9":[123],"10":[1]},"fnMap":{"0":{"name":"<instance_members_initializer>","decl":{"start":{"line":17,"column":11},"end":{"line":20,"column":24}},"loc":{"start":{"line":17,"column":11},"end":{"line":20,"column":24}},"line":17},"1":{"name":"get id","decl":{"start":{"line":17,"column":2},"end":{"line":17,"column":22}},"loc":{"start":{"line":17,"column":2},"end":{"line":17,"column":22}},"line":17},"2":{"name":"set id","decl":{"start":{"line":17,"column":2},"end":{"line":17,"column":22}},"loc":{"start":{"line":17,"column":2},"end":{"line":17,"column":22}},"line":17},"3":{"name":"get nombre","decl":{"start":{"line":18,"column":2},"end":{"line":18,"column":26}},"loc":{"start":{"line":18,"column":2},"end":{"line":18,"column":26}},"line":18},"4":{"name":"set nombre","decl":{"start":{"line":18,"column":2},"end":{"line":18,"column":26}},"loc":{"start":{"line":18,"column":2},"end":{"line":18,"column":26}},"line":18},"5":{"name":"get profesion","decl":{"start":{"line":19,"column":2},"end":{"line":19,"column":32}},"loc":{"start":{"line":19,"column":2},"end":{"line":19,"column":32}},"line":19},"6":{"name":"set profesion","decl":{"start":{"line":19,"column":2},"end":{"line":19,"column":32}},"loc":{"start":{"line":19,"column":2},"end":{"line":19,"column":32}},"line":19},"7":{"name":"get lugar","decl":{"start":{"line":20,"column":2},"end":{"line":20,"column":24}},"loc":{"start":{"line":20,"column":2},"end":{"line":20,"column":24}},"line":20},"8":{"name":"set lugar","decl":{"start":{"line":20,"column":2},"end":{"line":20,"column":24}},"loc":{"start":{"line":20,"column":2},"end":{"line":20,"column":24}},"line":20},"9":{"name":"Mercader","decl":{"start":{"line":29,"column":2},"end":{"line":34,"column":3}},"loc":{"start":{"line":29,"column":2},"end":{"line":34,"column":3}},"line":29},"10":{"name":"print","decl":{"start":{"line":39,"column":2},"end":{"line":46,"column":3}},"loc":{"start":{"line":39,"column":2},"end":{"line":46,"column":3}},"line":39}},"f":{"0":123,"1":16,"2":123,"3":11,"4":124,"5":6,"6":124,"7":6,"8":124,"9":123,"10":1}}
,"/home/usuario/DSI/prct07/src/module/transaccion.ts": {"path":"/home/usuario/DSI/prct07/src/module/transaccion.ts","all":false,"statementMap":{"8":{"start":{"line":9,"column":0},"end":{"line":9,"column":51}},"9":{"start":{"line":10,"column":0},"end":{"line":10,"column":22}},"10":{"start":{"line":11,"column":0},"end":{"line":11,"column":23}},"11":{"start":{"line":12,"column":0},"end":{"line":12,"column":51}},"12":{"start":{"line":13,"column":0},"end":{"line":13,"column":26}},"13":{"start":{"line":14,"column":0},"end":{"line":14,"column":28}},"14":{"start":{"line":15,"column":0},"end":{"line":15,"column":31}},"15":{"start":{"line":16,"column":0},"end":{"line":16,"column":25}},"26":{"start":{"line":27,"column":0},"end":{"line":27,"column":137}},"27":{"start":{"line":28,"column":0},"end":{"line":28,"column":17}},"28":{"start":{"line":29,"column":0},"end":{"line":29,"column":44}},"29":{"start":{"line":30,"column":0},"end":{"line":30,"column":21}},"30":{"start":{"line":31,"column":0},"end":{"line":31,"column":25}},"31":{"start":{"line":32,"column":0},"end":{"line":32,"column":23}},"32":{"start":{"line":33,"column":0},"end":{"line":33,"column":27}},"33":{"start":{"line":34,"column":0},"end":{"line":34,"column":29}},"34":{"start":{"line":35,"column":0},"end":{"line":35,"column":3}},"39":{"start":{"line":40,"column":0},"end":{"line":40,"column":17}},"40":{"start":{"line":41,"column":0},"end":{"line":41,"column":17}},"41":{"start":{"line":42,"column":0},"end":{"line":42,"column":33}},"42":{"start":{"line":43,"column":0},"end":{"line":43,"column":24}},"43":{"start":{"line":44,"column":0},"end":{"line":44,"column":47}},"44":{"start":{"line":45,"column":0},"end":{"line":45,"column":64}},"45":{"start":{"line":46,"column":0},"end":{"line":46,"column":34}},"46":{"start":{"line":47,"column":0},"end":{"line":47,"column":39}},"47":{"start":{"line":48,"column":0},"end":{"line":48,"column":42}},"48":{"start":{"line":49,"column":0},"end":{"line":49,"column":6}},"49":{"start":{"line":50,"column":0},"end":{"line":50,"column":3}},"50":{"start":{"line":51,"column":0},"end":{"line":51,"column":1}}},"s":{"8":1,"9":1,"10":60,"11":60,"12":60,"13":60,"14":60,"15":60,"26":1,"27":60,"28":60,"29":60,"30":60,"31":60,"32":60,"33":60,"34":60,"39":1,"40":2,"41":2,"42":2,"43":2,"44":2,"45":2,"46":2,"47":2,"48":2,"49":2,"50":1},"branchMap":{"0":{"type":"branch","line":10,"loc":{"start":{"line":10,"column":11},"end":{"line":16,"column":25}},"locations":[{"start":{"line":10,"column":11},"end":{"line":16,"column":25}}]},"1":{"type":"branch","line":10,"loc":{"start":{"line":10,"column":2},"end":{"line":10,"column":22}},"locations":[{"start":{"line":10,"column":2},"end":{"line":10,"column":22}}]},"2":{"type":"branch","line":10,"loc":{"start":{"line":10,"column":2},"end":{"line":10,"column":22}},"locations":[{"start":{"line":10,"column":2},"end":{"line":10,"column":22}}]},"3":{"type":"branch","line":11,"loc":{"start":{"line":11,"column":2},"end":{"line":11,"column":23}},"locations":[{"start":{"line":11,"column":2},"end":{"line":11,"column":23}}]},"4":{"type":"branch","line":11,"loc":{"start":{"line":11,"column":2},"end":{"line":11,"column":23}},"locations":[{"start":{"line":11,"column":2},"end":{"line":11,"column":23}}]},"5":{"type":"branch","line":12,"loc":{"start":{"line":12,"column":2},"end":{"line":12,"column":51}},"locations":[{"start":{"line":12,"column":2},"end":{"line":12,"column":51}}]},"6":{"type":"branch","line":12,"loc":{"start":{"line":12,"column":2},"end":{"line":12,"column":51}},"locations":[{"start":{"line":12,"column":2},"end":{"line":12,"column":51}}]},"7":{"type":"branch","line":13,"loc":{"start":{"line":13,"column":2},"end":{"line":13,"column":26}},"locations":[{"start":{"line":13,"column":2},"end":{"line":13,"column":26}}]},"8":{"type":"branch","line":13,"loc":{"start":{"line":13,"column":2},"end":{"line":13,"column":26}},"locations":[{"start":{"line":13,"column":2},"end":{"line":13,"column":26}}]},"9":{"type":"branch","line":14,"loc":{"start":{"line":14,"column":2},"end":{"line":14,"column":28}},"locations":[{"start":{"line":14,"column":2},"end":{"line":14,"column":28}}]},"10":{"type":"branch","line":14,"loc":{"start":{"line":14,"column":2},"end":{"line":14,"column":28}},"locations":[{"start":{"line":14,"column":2},"end":{"line":14,"column":28}}]},"11":{"type":"branch","line":15,"loc":{"start":{"line":15,"column":2},"end":{"line":15,"column":31}},"locations":[{"start":{"line":15,"column":2},"end":{"line":15,"column":31}}]},"12":{"type":"branch","line":15,"loc":{"start":{"line":15,"column":2},"end":{"line":15,"column":31}},"locations":[{"start":{"line":15,"column":2},"end":{"line":15,"column":31}}]},"13":{"type":"branch","line":16,"loc":{"start":{"line":16,"column":2},"end":{"line":16,"column":25}},"locations":[{"start":{"line":16,"column":2},"end":{"line":16,"column":25}}]},"14":{"type":"branch","line":16,"loc":{"start":{"line":16,"column":2},"end":{"line":16,"column":25}},"locations":[{"start":{"line":16,"column":2},"end":{"line":16,"column":25}}]},"15":{"type":"branch","line":27,"loc":{"start":{"line":27,"column":2},"end":{"line":35,"column":3}},"locations":[{"start":{"line":27,"column":2},"end":{"line":35,"column":3}}]},"16":{"type":"branch","line":40,"loc":{"start":{"line":40,"column":2},"end":{"line":50,"column":3}},"locations":[{"start":{"line":40,"column":2},"end":{"line":50,"column":3}}]},"17":{"type":"branch","line":45,"loc":{"start":{"line":45,"column":32},"end":{"line":45,"column":51}},"locations":[{"start":{"line":45,"column":32},"end":{"line":45,"column":51}}]}},"b":{"0":[60],"1":[14],"2":[60],"3":[8],"4":[60],"5":[6],"6":[60],"7":[6],"8":[60],"9":[6],"10":[60],"11":[5],"12":[60],"13":[5],"14":[60],"15":[60],"16":[2],"17":[3]},"fnMap":{"0":{"name":"<instance_members_initializer>","decl":{"start":{"line":10,"column":11},"end":{"line":16,"column":25}},"loc":{"start":{"line":10,"column":11},"end":{"line":16,"column":25}},"line":10},"1":{"name":"get id","decl":{"start":{"line":10,"column":2},"end":{"line":10,"column":22}},"loc":{"start":{"line":10,"column":2},"end":{"line":10,"column":22}},"line":10},"2":{"name":"set id","decl":{"start":{"line":10,"column":2},"end":{"line":10,"column":22}},"loc":{"start":{"line":10,"column":2},"end":{"line":10,"column":22}},"line":10},"3":{"name":"get fecha","decl":{"start":{"line":11,"column":2},"end":{"line":11,"column":23}},"loc":{"start":{"line":11,"column":2},"end":{"line":11,"column":23}},"line":11},"4":{"name":"set fecha","decl":{"start":{"line":11,"column":2},"end":{"line":11,"column":23}},"loc":{"start":{"line":11,"column":2},"end":{"line":11,"column":23}},"line":11},"5":{"name":"get tipo","decl":{"start":{"line":12,"column":2},"end":{"line":12,"column":51}},"loc":{"start":{"line":12,"column":2},"end":{"line":12,"column":51}},"line":12},"6":{"name":"set tipo","decl":{"start":{"line":12,"column":2},"end":{"line":12,"column":51}},"loc":{"start":{"line":12,"column":2},"end":{"line":12,"column":51}},"line":12},"7":{"name":"get bienes","decl":{"start":{"line":13,"column":2},"end":{"line":13,"column":26}},"loc":{"start":{"line":13,"column":2},"end":{"line":13,"column":26}},"line":13},"8":{"name":"set bienes","decl":{"start":{"line":13,"column":2},"end":{"line":13,"column":26}},"loc":{"start":{"line":13,"column":2},"end":{"line":13,"column":26}},"line":13},"9":{"name":"get cliente","decl":{"start":{"line":14,"column":2},"end":{"line":14,"column":28}},"loc":{"start":{"line":14,"column":2},"end":{"line":14,"column":28}},"line":14},"10":{"name":"set cliente","decl":{"start":{"line":14,"column":2},"end":{"line":14,"column":28}},"loc":{"start":{"line":14,"column":2},"end":{"line":14,"column":28}},"line":14},"11":{"name":"get mercader","decl":{"start":{"line":15,"column":2},"end":{"line":15,"column":31}},"loc":{"start":{"line":15,"column":2},"end":{"line":15,"column":31}},"line":15},"12":{"name":"set mercader","decl":{"start":{"line":15,"column":2},"end":{"line":15,"column":31}},"loc":{"start":{"line":15,"column":2},"end":{"line":15,"column":31}},"line":15},"13":{"name":"get monto","decl":{"start":{"line":16,"column":2},"end":{"line":16,"column":25}},"loc":{"start":{"line":16,"column":2},"end":{"line":16,"column":25}},"line":16},"14":{"name":"set monto","decl":{"start":{"line":16,"column":2},"end":{"line":16,"column":25}},"loc":{"start":{"line":16,"column":2},"end":{"line":16,"column":25}},"line":16},"15":{"name":"Transaccion","decl":{"start":{"line":27,"column":2},"end":{"line":35,"column":3}},"loc":{"start":{"line":27,"column":2},"end":{"line":35,"column":3}},"line":27},"16":{"name":"print","decl":{"start":{"line":40,"column":2},"end":{"line":50,"column":3}},"loc":{"start":{"line":40,"column":2},"end":{"line":50,"column":3}},"line":40}},"f":{"0":60,"1":14,"2":60,"3":8,"4":60,"5":6,"6":60,"7":6,"8":60,"9":6,"10":60,"11":5,"12":60,"13":5,"14":60,"15":60,"16":2}}
}
